
DEVICES
0: PMD_BT4J_cc8da2744446 [CC:8D:A2:74:44:46]

SERVICES FOR CC:8D:A2:74:44:46

[Service] 00001801-0000-1000-8000-00805f9b34fb (Handle: 1)
  [Characteristic] 00002a05-0000-1000-8000-00805f9b34fb — Properties: indicate

[Service] 0000a003-0000-1000-8000-00805f9b34fb (Handle: 64)
  [Characteristic] 0000c400-0000-1000-8000-00805f9b34fb — Properties: read
    [Value] bytearray(b'0')
  [Characteristic] 0000c401-0000-1000-8000-00805f9b34fb — Properties: read
    [Value] bytearray(b'0')

[Service] 0000a002-0000-1000-8000-00805f9b34fb (Handle: 40)
  [Characteristic] 0000c301-0000-1000-8000-00805f9b34fb — Properties: read
    [Value] bytearray(b'\x14.\xca?\x14.\xca?e2e49f537b561da18967ab2933c\n\x88\xa9\xcc?/\x04\x00\x00\x14.\xca?l\xa5\xcc?\x00\x00\x00\x00\xccn\xca?h\xaa\xcc?\x17\x00\x00\x004\x8f\xcb?\x00\x00\x00\x00p\xaa\xcc?\x16\x00\x00\x00h\xaa\xcc?\xff\x03\x00\x00\x14.\xca?\x14.\xca?\x00\x00\x00\x00\x00\x00\x00\x00\x00\x00\x00\x00\x00\x00\x00\x00\x00\x00\x00\x00\x00\x00\x00\x00\x00\x00\x00\x00\x00\x00\x00\x00\x00\x00\x00\x00\x00\x00\x00\x00\x00\x00\x00\x00\x00\x00\x00\x00\x00\x00\x00\x00\x00\x00\x00\x00\x00\x00\x00\x00\x00\x00\x00\x00\x00\x00\x00\x00\x00\x00\x00\x00\x00\x00\x00\x00\x00\x00\x00\x00\x00\x00\x00\x00\x00\x00\x00\x00\x00\x00\x00\x00\x00\x00\x00\x00\x00\x00\x00\x00\x00\x00\x00\x00\x00\x00\x00\x00\x00\x00\x00\x00\x00\x00\x00\x00\x00\x00\x00\x00\x00\x00\x00\x00\x00\x00\x00\x00\x00\x00\x00\x00\x00\x00\x00\x00\x00\x00\x00\x00\x00\x00\x00\x00\x00\x00\x00\x00\x00\x00\x00\x00\x00\x00\x00\x00\x00\x00\x00\x00\x00\x00\x00\x00\x00\x00\x00\x00\x00\x00\x00\x00\x00\x00\x00\x00\x00\x00\x00\x00\x00\x00\x00\x00\x00\x00\x00\x00\x00\x00\x00\x00\x00\x00\x00\x00\x00\x00\x00\x00\x00\x00\x00\x00\x00\x00\x00\x00\x00\x00\x00\x00\x00\x00\x00\x00\x00\x00\x00\x00\x00\x00\x00\x00\x00\x00\x00\x00\x00\x00\x00\x00\x00\x00\x00\x00\x00\x00\x00\x00\x00\x00\x00\x00\x00\x00\x00\x00\x00\x00\x00\x00\x00\x00\x00\x00\x00\x00\x00\x00\x00\x00\x00\x00\x00\x00\x00\x00\x00\x00\x00\x00\x00\x00\x00\x00\x00\x00\x00\x00\x00\x00\x00\x00\x00\x00\x00\x00\x00\x00\x00\x00\x00\x00\x00\x00\x00\x00\x00\x00\x00\x00\x00\x00\x00\x00\x00\x00\x00\x00\x00\x00\x00\x00\x00\x00\x00\x00\x00\x00\x00\x00\x00\x00\x00\x00\x00\x00\x00\x00\x00\x00\x00\x00\x00\x00\x00\x00\x00\x00\x00\x00\x00\x00\x00\x00\x00\x00\x00\x00\x00\x00\x00\x00\x00\x00\x00\x00\x00\x00\x00\x00\x00\x00\x00\x00\x00\x00\x00\x00\x00\x00\x00\x00\x00\x00\x00\x00\x00\x00\x00\x00\x00\x00\x00\x00\x00\x00\x00\x00\x00\x00\x00\x00\x00\x00\x00\x00\x00\x00\x00\x00\x00\x00\x00\x00\x00\x00<\xaa\xcc?')    
  [Characteristic] 0000c302-0000-1000-8000-00805f9b34fb — Properties: write
  [Characteristic] 0000c306-0000-1000-8000-00805f9b34fb — Properties: indicate
  [Characteristic] 0000c300-0000-1000-8000-00805f9b34fb — Properties: read
    [Value] bytearray(b'0')
  [Characteristic] 0000c305-0000-1000-8000-00805f9b34fb — Properties: notify
  [Characteristic] 0000c304-0000-1000-8000-00805f9b34fb — Properties: write
  [Characteristic] 0000c303-0000-1000-8000-00805f9b34fb — Properties: write-without-response
  [Characteristic] 0000c307-0000-1000-8000-00805f9b34fb — Properties: read
    [Value] bytearray(b'0')

LISTENING FOR NOTIFICATIONS...
Notification: bytearray(b'\xfe\x00?\x00\x12h#\xa11\x07\xd0\x02\x00\x00\x02h#\xa11\x00\xd6\x00\x00\x00\x0b\x00\x00\x04\x11\x03\x04\x04\x00\x00\xab\x11\x04\x04\x00\x01\x00\xc0\x10\x00\x01\x01\x10\x01\x01\x01\xff\xff\x00\x00\x02\x002\x02\x01\x00\x01&\x01\x01x\xbb\xfe')
