
=== Packet #618 ===
Time: 2025-04-15 03:14:10.269758
SRC/DEST: PMD_BT4J_cc8da2744446 (cc:8d:a2:74:44:46) -> Lenovo Tab M8 (4th Gen) 2024 (e0:1f:fc:3d:b7:1a)
Opcode: 0x04
Handle: 0x0100
Length: 14
Raw Value: 0801000a

=== Packet #621 ===
Time: 2025-04-15 03:14:10.367240
SRC/DEST: PMD_BT4J_cc8da2744446 (cc:8d:a2:74:44:46) -> Lenovo Tab M8 (4th Gen) 2024 (e0:1f:fc:3d:b7:1a)
Opcode: 0x04
Handle: 0x1100
Length: 29
Raw Value: 0601000500011814001c00001828003f0002a0

=== Packet #624 ===
Time: 2025-04-15 03:14:10.464655
SRC/DEST: PMD_BT4J_cc8da2744446 (cc:8d:a2:74:44:46) -> Lenovo Tab M8 (4th Gen) 2024 (e0:1f:fc:3d:b7:1a)
Opcode: 0x04
Handle: 0x1100
Length: 17
Raw Value: 064000ffff03a0

=== Packet #627 ===
Time: 2025-04-15 03:14:10.561778
SRC/DEST: PMD_BT4J_cc8da2744446 (cc:8d:a2:74:44:46) -> Lenovo Tab M8 (4th Gen) 2024 (e0:1f:fc:3d:b7:1a)
Opcode: 0x04
Handle: 0x0100
Length: 14
Raw Value: 0801000a

=== Packet #632 ===
Time: 2025-04-15 03:14:10.633903
SRC/DEST: PMD_BT4J_cc8da2744446 (cc:8d:a2:74:44:46) -> Lenovo Tab M8 (4th Gen) 2024 (e0:1f:fc:3d:b7:1a)
Opcode: 0x04
Handle: 0x0900
Length: 18
Raw Value: 070200200300052a

=== Packet #635 ===
Time: 2025-04-15 03:14:10.648080
SRC/DEST: PMD_BT4J_cc8da2744446 (cc:8d:a2:74:44:46) -> Lenovo Tab M8 (4th Gen) 2024 (e0:1f:fc:3d:b7:1a)
Opcode: 0x04
Handle: 0x0100
Length: 14
Raw Value: 0803000a

=== Packet #638 ===
Time: 2025-04-15 03:14:10.662809
SRC/DEST: PMD_BT4J_cc8da2744446 (cc:8d:a2:74:44:46) -> Lenovo Tab M8 (4th Gen) 2024 (e0:1f:fc:3d:b7:1a)
Opcode: 0x04
Handle: 0x0500
Length: 15
Raw Value: 0104000229

=== Packet #641 ===
Time: 2025-04-15 03:14:10.677830
SRC/DEST: PMD_BT4J_cc8da2744446 (cc:8d:a2:74:44:46) -> Lenovo Tab M8 (4th Gen) 2024 (e0:1f:fc:3d:b7:1a)
Opcode: 0x04
Handle: 0x0100
Length: 14
Raw Value: 0405000a

=== Packet #644 ===
Time: 2025-04-15 03:14:10.692824
SRC/DEST: PMD_BT4J_cc8da2744446 (cc:8d:a2:74:44:46) -> Lenovo Tab M8 (4th Gen) 2024 (e0:1f:fc:3d:b7:1a)
Opcode: 0x04
Handle: 0x0100
Length: 14
Raw Value: 0814000a

=== Packet #648 ===
Time: 2025-04-15 03:14:10.707780
SRC/DEST: PMD_BT4J_cc8da2744446 (cc:8d:a2:74:44:46) -> Lenovo Tab M8 (4th Gen) 2024 (e0:1f:fc:3d:b7:1a)
Opcode: 0x04
Handle: 0x0900
Length: 32
Raw Value: 071500021600002a1700021800012a1900021a00a62a

=== Packet #651 ===
Time: 2025-04-15 03:14:10.722741
SRC/DEST: PMD_BT4J_cc8da2744446 (cc:8d:a2:74:44:46) -> Lenovo Tab M8 (4th Gen) 2024 (e0:1f:fc:3d:b7:1a)
Opcode: 0x04
Handle: 0x0100
Length: 14
Raw Value: 081a000a

=== Packet #654 ===
Time: 2025-04-15 03:14:10.737741
SRC/DEST: PMD_BT4J_cc8da2744446 (cc:8d:a2:74:44:46) -> Lenovo Tab M8 (4th Gen) 2024 (e0:1f:fc:3d:b7:1a)
Opcode: 0x04
Handle: 0x0100
Length: 14
Raw Value: 041b000a

=== Packet #657 ===
Time: 2025-04-15 03:14:10.752886
SRC/DEST: PMD_BT4J_cc8da2744446 (cc:8d:a2:74:44:46) -> Lenovo Tab M8 (4th Gen) 2024 (e0:1f:fc:3d:b7:1a)
Opcode: 0x04
Handle: 0x0100
Length: 14
Raw Value: 0828000a

=== Packet #660 ===
Time: 2025-04-15 03:14:10.767803
SRC/DEST: PMD_BT4J_cc8da2744446 (cc:8d:a2:74:44:46) -> Lenovo Tab M8 (4th Gen) 2024 (e0:1f:fc:3d:b7:1a)
Opcode: 0x04
Handle: 0x0900
Length: 32
Raw Value: 072900022a0000c32c00022d0001c32f0008300002c3

=== Packet #663 ===
Time: 2025-04-15 03:14:10.782799
SRC/DEST: PMD_BT4J_cc8da2744446 (cc:8d:a2:74:44:46) -> Lenovo Tab M8 (4th Gen) 2024 (e0:1f:fc:3d:b7:1a)
Opcode: 0x04
Handle: 0x0900
Length: 32
Raw Value: 07320004330003c3350008360004c3370010380005c3

=== Packet #666 ===
Time: 2025-04-15 03:14:10.797774
SRC/DEST: PMD_BT4J_cc8da2744446 (cc:8d:a2:74:44:46) -> Lenovo Tab M8 (4th Gen) 2024 (e0:1f:fc:3d:b7:1a)
Opcode: 0x04
Handle: 0x0900
Length: 25
Raw Value: 073a00203b0006c33d00023e0007c3

=== Packet #669 ===
Time: 2025-04-15 03:14:10.812898
SRC/DEST: PMD_BT4J_cc8da2744446 (cc:8d:a2:74:44:46) -> Lenovo Tab M8 (4th Gen) 2024 (e0:1f:fc:3d:b7:1a)
Opcode: 0x04
Handle: 0x0100
Length: 14
Raw Value: 083e000a

=== Packet #672 ===
Time: 2025-04-15 03:14:10.827724
SRC/DEST: PMD_BT4J_cc8da2744446 (cc:8d:a2:74:44:46) -> Lenovo Tab M8 (4th Gen) 2024 (e0:1f:fc:3d:b7:1a)
Opcode: 0x04
Handle: 0x0500
Length: 15
Raw Value: 012b000129

=== Packet #675 ===
Time: 2025-04-15 03:14:10.842730
SRC/DEST: PMD_BT4J_cc8da2744446 (cc:8d:a2:74:44:46) -> Lenovo Tab M8 (4th Gen) 2024 (e0:1f:fc:3d:b7:1a)
Opcode: 0x04
Handle: 0x0500
Length: 15
Raw Value: 012e000129

=== Packet #678 ===
Time: 2025-04-15 03:14:10.857729
SRC/DEST: PMD_BT4J_cc8da2744446 (cc:8d:a2:74:44:46) -> Lenovo Tab M8 (4th Gen) 2024 (e0:1f:fc:3d:b7:1a)
Opcode: 0x04
Handle: 0x0500
Length: 15
Raw Value: 0131000129

=== Packet #681 ===
Time: 2025-04-15 03:14:10.872663
SRC/DEST: PMD_BT4J_cc8da2744446 (cc:8d:a2:74:44:46) -> Lenovo Tab M8 (4th Gen) 2024 (e0:1f:fc:3d:b7:1a)
Opcode: 0x04
Handle: 0x0500
Length: 15
Raw Value: 0134000129

=== Packet #688 ===
Time: 2025-04-15 03:14:10.887840
SRC/DEST: PMD_BT4J_cc8da2744446 (cc:8d:a2:74:44:46) -> Lenovo Tab M8 (4th Gen) 2024 (e0:1f:fc:3d:b7:1a)
Opcode: 0x04
Handle: 0x0500
Length: 15
Raw Value: 0139000229

=== Packet #703 ===
Time: 2025-04-15 03:14:10.903205
SRC/DEST: PMD_BT4J_cc8da2744446 (cc:8d:a2:74:44:46) -> Lenovo Tab M8 (4th Gen) 2024 (e0:1f:fc:3d:b7:1a)
Opcode: 0x04
Handle: 0x0500
Length: 15
Raw Value: 013c000229

=== Packet #706 ===
Time: 2025-04-15 03:14:10.917750
SRC/DEST: PMD_BT4J_cc8da2744446 (cc:8d:a2:74:44:46) -> Lenovo Tab M8 (4th Gen) 2024 (e0:1f:fc:3d:b7:1a)
Opcode: 0x04
Handle: 0x0500
Length: 15
Raw Value: 013f000129

=== Packet #709 ===
Time: 2025-04-15 03:14:10.932886
SRC/DEST: PMD_BT4J_cc8da2744446 (cc:8d:a2:74:44:46) -> Lenovo Tab M8 (4th Gen) 2024 (e0:1f:fc:3d:b7:1a)
Opcode: 0x04
Handle: 0x0100
Length: 14
Raw Value: 0840000a

=== Packet #712 ===
Time: 2025-04-15 03:14:10.947779
SRC/DEST: PMD_BT4J_cc8da2744446 (cc:8d:a2:74:44:46) -> Lenovo Tab M8 (4th Gen) 2024 (e0:1f:fc:3d:b7:1a)
Opcode: 0x04
Handle: 0x0900
Length: 25
Raw Value: 07410002420000c4440002450001c4

=== Packet #715 ===
Time: 2025-04-15 03:14:10.962949
SRC/DEST: PMD_BT4J_cc8da2744446 (cc:8d:a2:74:44:46) -> Lenovo Tab M8 (4th Gen) 2024 (e0:1f:fc:3d:b7:1a)
Opcode: 0x04
Handle: 0x0100
Length: 14
Raw Value: 0845000a

=== Packet #718 ===
Time: 2025-04-15 03:14:10.985433
SRC/DEST: PMD_BT4J_cc8da2744446 (cc:8d:a2:74:44:46) -> Lenovo Tab M8 (4th Gen) 2024 (e0:1f:fc:3d:b7:1a)
Opcode: 0x04
Handle: 0x0500
Length: 15
Raw Value: 0143000129

=== Packet #721 ===
Time: 2025-04-15 03:14:11.000212
SRC/DEST: PMD_BT4J_cc8da2744446 (cc:8d:a2:74:44:46) -> Lenovo Tab M8 (4th Gen) 2024 (e0:1f:fc:3d:b7:1a)
Opcode: 0x04
Handle: 0x0500
Length: 15
Raw Value: 0146000129

=== Packet #724 ===
Time: 2025-04-15 03:14:11.015221
SRC/DEST: PMD_BT4J_cc8da2744446 (cc:8d:a2:74:44:46) -> Lenovo Tab M8 (4th Gen) 2024 (e0:1f:fc:3d:b7:1a)
Opcode: 0x04
Handle: 0x0100
Length: 14
Raw Value: 0447000a

=== Packet #731 ===
Time: 2025-04-15 03:14:11.045412
SRC/DEST: PMD_BT4J_cc8da2744446 (cc:8d:a2:74:44:46) -> Lenovo Tab M8 (4th Gen) 2024 (e0:1f:fc:3d:b7:1a)
Opcode: 0x04
Handle: 0x0300
Length: 12
Raw Value: f401

=== Packet #736 ===
Time: 2025-04-15 03:14:11.067698
SRC/DEST: PMD_BT4J_cc8da2744446 (cc:8d:a2:74:44:46) -> Lenovo Tab M8 (4th Gen) 2024 (e0:1f:fc:3d:b7:1a)
Opcode: 0x04
Handle: 0x1300
Length: 10
Raw Value: 

=== Packet #741 ===
Time: 2025-04-15 03:14:11.158796
SRC/DEST: PMD_BT4J_cc8da2744446 (cc:8d:a2:74:44:46) -> Lenovo Tab M8 (4th Gen) 2024 (e0:1f:fc:3d:b7:1a)
Opcode: 0x04
Handle: 0x1d00
Length: 91
Raw Value: 3800fe002c001267fd00427407d00200000267fd00427400d60000000b0000031103040400088810000100100101003c5afefe001b0012022bbf7007d00000000067fd00427400110000000000001028fe

=== Packet #746 ===
Time: 2025-04-15 03:14:11.233765
SRC/DEST: PMD_BT4J_cc8da2744446 (cc:8d:a2:74:44:46) -> Lenovo Tab M8 (4th Gen) 2024 (e0:1f:fc:3d:b7:1a)
Opcode: 0x04
Handle: 0x1d00
Length: 30
Raw Value: 3800fe000e0009e167fd00426300410000e2a0fe

=== Packet #770 ===
Time: 2025-04-15 03:14:11.399764
SRC/DEST: PMD_BT4J_cc8da2744446 (cc:8d:a2:74:44:46) -> Lenovo Tab M8 (4th Gen) 2024 (e0:1f:fc:3d:b7:1a)
Opcode: 0x38
Handle: 0x3030
Length: 67
Raw Value: 3033000000000000000000000000000000000000000b004f6d656761323030302032342e32372e3030323200000000000000000000000f87fe

=== Packet #786 ===
Time: 2025-04-15 03:14:11.473051
SRC/DEST: PMD_BT4J_cc8da2744446 (cc:8d:a2:74:44:46) -> Lenovo Tab M8 (4th Gen) 2024 (e0:1f:fc:3d:b7:1a)
Opcode: 0x04
Handle: 0x1d00
Length: 41
Raw Value: 3800fe00190009eb67fd00426300510000000b0001270002000200012d69fe

=== Packet #839 ===
Time: 2025-04-15 03:14:11.669787
SRC/DEST: PMD_BT4J_cc8da2744446 (cc:8d:a2:74:44:46) -> Lenovo Tab M8 (4th Gen) 2024 (e0:1f:fc:3d:b7:1a)
Opcode: 0x38
Handle: 0x3030
Length: 67
Raw Value: 3033000000000000000000000000000000000000000b004f6d656761323030302032342e32372e3030323200000000000000000000000584fe

=== Packet #844 ===
Time: 2025-04-15 03:14:11.758546
SRC/DEST: PMD_BT4J_cc8da2744446 (cc:8d:a2:74:44:46) -> Lenovo Tab M8 (4th Gen) 2024 (e0:1f:fc:3d:b7:1a)
Opcode: 0x04
Handle: 0x1d00
Length: 41
Raw Value: 3800fe001900094467fd00426300510000000b000127000200020001e12efe

=== Packet #849 ===
Time: 2025-04-15 03:14:11.818545
SRC/DEST: PMD_BT4J_cc8da2744446 (cc:8d:a2:74:44:46) -> Lenovo Tab M8 (4th Gen) 2024 (e0:1f:fc:3d:b7:1a)
Opcode: 0x04
Handle: 0x1d00
Length: 41
Raw Value: 3800fe001900097767fd00426300510000004d001100000200000000342cfe

=== Packet #854 ===
Time: 2025-04-15 03:14:11.894960
SRC/DEST: PMD_BT4J_cc8da2744446 (cc:8d:a2:74:44:46) -> Lenovo Tab M8 (4th Gen) 2024 (e0:1f:fc:3d:b7:1a)
Opcode: 0x04
Handle: 0x1d00
Length: 74
Raw Value: 3800fe003a00098f67fd004263005100008003001007001d00000000000000000000000000000000000000000000000000000000000000000000000000d1e9fe

=== Packet #859 ===
Time: 2025-04-15 03:14:11.969783
SRC/DEST: PMD_BT4J_cc8da2744446 (cc:8d:a2:74:44:46) -> Lenovo Tab M8 (4th Gen) 2024 (e0:1f:fc:3d:b7:1a)
Opcode: 0x04
Handle: 0x1d00
Length: 42
Raw Value: 3800fe001a00094f67fd00426300510000800300000900030000000000f3d0fe

=== Packet #864 ===
Time: 2025-04-15 03:14:12.028672
SRC/DEST: PMD_BT4J_cc8da2744446 (cc:8d:a2:74:44:46) -> Lenovo Tab M8 (4th Gen) 2024 (e0:1f:fc:3d:b7:1a)
Opcode: 0x04
Handle: 0x1d00
Length: 38
Raw Value: 3800fe00160009ef67fd004263005100008003000106000101d940fe

=== Packet #869 ===
Time: 2025-04-15 03:14:12.120973
SRC/DEST: PMD_BT4J_cc8da2744446 (cc:8d:a2:74:44:46) -> Lenovo Tab M8 (4th Gen) 2024 (e0:1f:fc:3d:b7:1a)
Opcode: 0x04
Handle: 0x1d00
Length: 147
Raw Value: 3800fe00830009da67fd004264005100008003000201000100000000000000000000000000000000000000000000000000000000000000000000000000000000000000000000000000000000000000000000000000000000000000000000000000000000000000000000000000000000000000000000000000000000000000000000000000002bbafe

=== Packet #874 ===
Time: 2025-04-15 03:14:12.210122
SRC/DEST: PMD_BT4J_cc8da2744446 (cc:8d:a2:74:44:46) -> Lenovo Tab M8 (4th Gen) 2024 (e0:1f:fc:3d:b7:1a)
Opcode: 0x04
Handle: 0x1d00
Length: 197
Raw Value: 3800fe00b500090467fd00426400510000004d001001000100000000000000000000000000000000000000000000000000000000000000000000000000000000000000000000000000000000000000000000000000000000000000000000000000000000000000000000000000000000000000000000000000000000000000000000000000000000000000000000000000000000000000000000000000000000000000000000000000000000000000000000000000000000e782fe

=== Packet #879 ===
Time: 2025-04-15 03:14:12.300880
SRC/DEST: PMD_BT4J_cc8da2744446 (cc:8d:a2:74:44:46) -> Lenovo Tab M8 (4th Gen) 2024 (e0:1f:fc:3d:b7:1a)
Opcode: 0x04
Handle: 0x1d00
Length: 108
Raw Value: 3800fe005c0009b467fd00426400510000ffff00001d0002504d445f4254344a5f63633864613237343434343600000000000000000000000000000000000000000000000000000000000035323937000000000000000000000000000000007c9cfe

=== Packet #884 ===
Time: 2025-04-15 03:14:12.374757
SRC/DEST: PMD_BT4J_cc8da2744446 (cc:8d:a2:74:44:46) -> Lenovo Tab M8 (4th Gen) 2024 (e0:1f:fc:3d:b7:1a)
Opcode: 0x04
Handle: 0x1d00
Length: 43
Raw Value: 3800fe001b0009fd0167fd00426400510000ffff000002000167fd004276b850fe

=== Packet #889 ===
Time: 2025-04-15 03:14:12.449388
SRC/DEST: PMD_BT4J_cc8da2744446 (cc:8d:a2:74:44:46) -> Lenovo Tab M8 (4th Gen) 2024 (e0:1f:fc:3d:b7:1a)
Opcode: 0x04
Handle: 0x1d00
Length: 47
Raw Value: 3800fe001f00095167fd00426400510000ffff000017000500010000000100000000159cfe

=== Packet #894 ===
Time: 2025-04-15 03:14:12.538614
SRC/DEST: PMD_BT4J_cc8da2744446 (cc:8d:a2:74:44:46) -> Lenovo Tab M8 (4th Gen) 2024 (e0:1f:fc:3d:b7:1a)
Opcode: 0x04
Handle: 0x1d00
Length: 42
Raw Value: 3800fe001a0009a567fd00426400510000ffff000032000301000000000b7afe

=== Packet #899 ===
Time: 2025-04-15 03:14:12.614536
SRC/DEST: PMD_BT4J_cc8da2744446 (cc:8d:a2:74:44:46) -> Lenovo Tab M8 (4th Gen) 2024 (e0:1f:fc:3d:b7:1a)
Opcode: 0x04
Handle: 0x1d00
Length: 51
Raw Value: 3800fe00230009ea67fd00426400510000000b001000000e00000000000000000000000000004c94fe

=== Packet #904 ===
Time: 2025-04-15 03:14:12.704442
SRC/DEST: PMD_BT4J_cc8da2744446 (cc:8d:a2:74:44:46) -> Lenovo Tab M8 (4th Gen) 2024 (e0:1f:fc:3d:b7:1a)
Opcode: 0x04
Handle: 0x1d00
Length: 40
Raw Value: 3800fe001800091667fd00426400510000000b00100f000200dc0258dffe

=== Packet #909 ===
Time: 2025-04-15 03:14:12.782072
SRC/DEST: PMD_BT4J_cc8da2744446 (cc:8d:a2:74:44:46) -> Lenovo Tab M8 (4th Gen) 2024 (e0:1f:fc:3d:b7:1a)
Opcode: 0x04
Handle: 0x1d00
Length: 92
Raw Value: 3800fe004c00092467fd00426400510000000b001100001b00000004000888000100c20000053600000064000000000064ffffffff00000000000000000118062f00000000000000000000000000012a4afe

=== Packet #914 ===
Time: 2025-04-15 03:14:12.856640
SRC/DEST: PMD_BT4J_cc8da2744446 (cc:8d:a2:74:44:46) -> Lenovo Tab M8 (4th Gen) 2024 (e0:1f:fc:3d:b7:1a)
Opcode: 0x04
Handle: 0x1d00
Length: 57
Raw Value: 3800fe002900097667fd00426400510000000b000008000a000503e80001001e058c05460488000300030003b276fe

=== Packet #919 ===
Time: 2025-04-15 03:14:12.959571
SRC/DEST: PMD_BT4J_cc8da2744446 (cc:8d:a2:74:44:46) -> Lenovo Tab M8 (4th Gen) 2024 (e0:1f:fc:3d:b7:1a)
Opcode: 0x04
Handle: 0x1d00
Length: 53
Raw Value: 3800fe002500092b67fd00426400510000000b00010a0008004b0019004b0019004b0019004b001977f8fe

=== Packet #924 ===
Time: 2025-04-15 03:14:13.051994
SRC/DEST: PMD_BT4J_cc8da2744446 (cc:8d:a2:74:44:46) -> Lenovo Tab M8 (4th Gen) 2024 (e0:1f:fc:3d:b7:1a)
Opcode: 0x04
Handle: 0x1d00
Length: 121
Raw Value: 3800fe006900098767fd00426400510000000b000102000801010101467265736831000000000000000000000000000046726573683200000000000000000000000000004672657368330000000000000000000000000000576173746500000000000000000000000000000040b9fe

=== Packet #929 ===
Time: 2025-04-15 03:14:13.142398
SRC/DEST: PMD_BT4J_cc8da2744446 (cc:8d:a2:74:44:46) -> Lenovo Tab M8 (4th Gen) 2024 (e0:1f:fc:3d:b7:1a)
Opcode: 0x04
Handle: 0x1d00
Length: 197
Raw Value: 3800fe00b500091767fd00426500510000000b00100e000100000000000000000000000000000000000000000000000000000000000000000000000000000000000000000000000000000000000000000000000000000000000000000000000000000000000000000000000000000000000000000000000000000000000000000000000000000000000000000000000000000000000000000000000000000000000000000000000000000000000000000000000000000000c118fe

=== Packet #934 ===
Time: 2025-04-15 03:14:13.232375
SRC/DEST: PMD_BT4J_cc8da2744446 (cc:8d:a2:74:44:46) -> Lenovo Tab M8 (4th Gen) 2024 (e0:1f:fc:3d:b7:1a)
Opcode: 0x04
Handle: 0x1d00
Length: 197
Raw Value: 3800fe00b500093267fd00426500510000000f001009000100000000000000000000000000000000000000000000000000000000000000000000000000000000000000000000000000000000000000000000000000000000000000000000000000000000000000000000000000000000000000000000000000000000000000000000000000000000000000000000000000000000000000000000000000000000000000000000000000000000000000000000000000000000e130fe

=== Packet #939 ===
Time: 2025-04-15 03:14:13.321827
SRC/DEST: PMD_BT4J_cc8da2744446 (cc:8d:a2:74:44:46) -> Lenovo Tab M8 (4th Gen) 2024 (e0:1f:fc:3d:b7:1a)
Opcode: 0x04
Handle: 0x1d00
Length: 197
Raw Value: 3800fe00b50009c567fd00426500510000004a001002000100000000000000000000000000000000000000000000000000000000000000000000000000000000000000000000000000000000000000000000000000000000000000000000000000000000000000000000000000000000000000000000000000000000000000000000000000000000000000000000000000000000000000000000000000000000000000000000000000000000000000000000000000000000f47dfe

=== Packet #944 ===
Time: 2025-04-15 03:14:13.426674
SRC/DEST: PMD_BT4J_cc8da2744446 (cc:8d:a2:74:44:46) -> Lenovo Tab M8 (4th Gen) 2024 (e0:1f:fc:3d:b7:1a)
Opcode: 0x04
Handle: 0x1d00
Length: 197
Raw Value: 3800fe00b500094567fd00426500510000004200100100010000000000000000000000000000000000000000000000000000000000000000000000000000000000000000000000000000000000000000000000000000000000000000000000000000000000000000000000000000000000000000000000000000000000000000000000000000000000000000000000000000000000000000000000000000000000000000000000000000000000000000000000000000000089c5fe

=== Packet #955 ===
Time: 2025-04-15 03:14:13.605177
SRC/DEST: PMD_BT4J_cc8da2744446 (cc:8d:a2:74:44:46) -> Lenovo Tab M8 (4th Gen) 2024 (e0:1f:fc:3d:b7:1a)
Opcode: 0x04
Handle: 0x1d00
Length: 39
Raw Value: 3800fe00170009ab67fd00426500510000004a001000000200000c34fe

=== Packet #960 ===
Time: 2025-04-15 03:14:13.696876
SRC/DEST: PMD_BT4J_cc8da2744446 (cc:8d:a2:74:44:46) -> Lenovo Tab M8 (4th Gen) 2024 (e0:1f:fc:3d:b7:1a)
Opcode: 0x04
Handle: 0x1d00
Length: 38
Raw Value: 3800fe00160009da67fd00426500510000004a0010030001003a73fe

=== Packet #965 ===
Time: 2025-04-15 03:14:13.770003
SRC/DEST: PMD_BT4J_cc8da2744446 (cc:8d:a2:74:44:46) -> Lenovo Tab M8 (4th Gen) 2024 (e0:1f:fc:3d:b7:1a)
Opcode: 0x04
Handle: 0x1d00
Length: 45
Raw Value: 3800fe001d00091667fd00426500510000004a001100000400000000000000009cd1fe

=== Packet #970 ===
Time: 2025-04-15 03:14:13.846546
SRC/DEST: PMD_BT4J_cc8da2744446 (cc:8d:a2:74:44:46) -> Lenovo Tab M8 (4th Gen) 2024 (e0:1f:fc:3d:b7:1a)
Opcode: 0x04
Handle: 0x1d00
Length: 41
Raw Value: 3800fe001900090767fd00426500510000004a0000000002000000008daffe

=== Packet #975 ===
Time: 2025-04-15 03:14:13.936619
SRC/DEST: PMD_BT4J_cc8da2744446 (cc:8d:a2:74:44:46) -> Lenovo Tab M8 (4th Gen) 2024 (e0:1f:fc:3d:b7:1a)
Opcode: 0x04
Handle: 0x1d00
Length: 53
Raw Value: 3800fe002500098067fd00426500510000000f001000000900000000000000000000000000000000f255fe

=== Packet #980 ===
Time: 2025-04-15 03:14:14.009326
SRC/DEST: PMD_BT4J_cc8da2744446 (cc:8d:a2:74:44:46) -> Lenovo Tab M8 (4th Gen) 2024 (e0:1f:fc:3d:b7:1a)
Opcode: 0x04
Handle: 0x1d00
Length: 47
Raw Value: 3800fe001f0009a667fd00426500510000000f00100a00050000000000000000000052f4fe

=== Packet #985 ===
Time: 2025-04-15 03:14:14.101841
SRC/DEST: PMD_BT4J_cc8da2744446 (cc:8d:a2:74:44:46) -> Lenovo Tab M8 (4th Gen) 2024 (e0:1f:fc:3d:b7:1a)
Opcode: 0x04
Handle: 0x1d00
Length: 47
Raw Value: 3800fe001f00096967fd00426600510000000f000000000500000000000000000000f379fe

=== Packet #990 ===
Time: 2025-04-15 03:14:14.174952
SRC/DEST: PMD_BT4J_cc8da2744446 (cc:8d:a2:74:44:46) -> Lenovo Tab M8 (4th Gen) 2024 (e0:1f:fc:3d:b7:1a)
Opcode: 0x04
Handle: 0x1d00
Length: 39
Raw Value: 3800fe001700098067fd00426600510000000f00004700010000f44bfe

=== Packet #995 ===
Time: 2025-04-15 03:14:14.250606
SRC/DEST: PMD_BT4J_cc8da2744446 (cc:8d:a2:74:44:46) -> Lenovo Tab M8 (4th Gen) 2024 (e0:1f:fc:3d:b7:1a)
Opcode: 0x04
Handle: 0x1d00
Length: 41
Raw Value: 3800fe00190009f867fd00426600510000000f0001000002001e00007e4bfe

=== Packet #1000 ===
Time: 2025-04-15 03:14:14.339281
SRC/DEST: PMD_BT4J_cc8da2744446 (cc:8d:a2:74:44:46) -> Lenovo Tab M8 (4th Gen) 2024 (e0:1f:fc:3d:b7:1a)
Opcode: 0x04
Handle: 0x1d00
Length: 58
Raw Value: 3800fe002a00096167fd004266005100000051001100000b000000000000000000000000000000000000000000a06afe

=== Packet #1005 ===
Time: 2025-04-15 03:14:14.413954
SRC/DEST: PMD_BT4J_cc8da2744446 (cc:8d:a2:74:44:46) -> Lenovo Tab M8 (4th Gen) 2024 (e0:1f:fc:3d:b7:1a)
Opcode: 0x04
Handle: 0x1d00
Length: 41
Raw Value: 3800fe001900098c67fd004266005100000051001114000200000000934bfe

=== Packet #1010 ===
Time: 2025-04-15 03:14:14.506406
SRC/DEST: PMD_BT4J_cc8da2744446 (cc:8d:a2:74:44:46) -> Lenovo Tab M8 (4th Gen) 2024 (e0:1f:fc:3d:b7:1a)
Opcode: 0x04
Handle: 0x1d00
Length: 57
Raw Value: 3800fe002900095067fd00426600510000005100112e00010000000000000000000000000000000000000000a2c6fe

=== Packet #1015 ===
Time: 2025-04-15 03:14:14.578394
SRC/DEST: PMD_BT4J_cc8da2744446 (cc:8d:a2:74:44:46) -> Lenovo Tab M8 (4th Gen) 2024 (e0:1f:fc:3d:b7:1a)
Opcode: 0x04
Handle: 0x1d00
Length: 39
Raw Value: 3800fe00170009b367fd004266005100000051000007000100008e7ffe

=== Packet #1020 ===
Time: 2025-04-15 03:14:14.683801
SRC/DEST: PMD_BT4J_cc8da2744446 (cc:8d:a2:74:44:46) -> Lenovo Tab M8 (4th Gen) 2024 (e0:1f:fc:3d:b7:1a)
Opcode: 0x04
Handle: 0x1d00
Length: 42
Raw Value: 3800fe001a00094c67fd00426600510000ffff000002000167fd0042789b3dfe

=== Packet #1025 ===
Time: 2025-04-15 03:14:14.758339
SRC/DEST: PMD_BT4J_cc8da2744446 (cc:8d:a2:74:44:46) -> Lenovo Tab M8 (4th Gen) 2024 (e0:1f:fc:3d:b7:1a)
Opcode: 0x04
Handle: 0x1d00
Length: 47
Raw Value: 3800fe001f0009cb67fd00426600510000ffff000017000500010000000100000000b106fe

=== Packet #1030 ===
Time: 2025-04-15 03:14:14.817846
SRC/DEST: PMD_BT4J_cc8da2744446 (cc:8d:a2:74:44:46) -> Lenovo Tab M8 (4th Gen) 2024 (e0:1f:fc:3d:b7:1a)
Opcode: 0x04
Handle: 0x1d00
Length: 42
Raw Value: 3800fe001a00097467fd00426600510000ffff000032000301000000007956fe

=== Packet #1035 ===
Time: 2025-04-15 03:14:14.893798
SRC/DEST: PMD_BT4J_cc8da2744446 (cc:8d:a2:74:44:46) -> Lenovo Tab M8 (4th Gen) 2024 (e0:1f:fc:3d:b7:1a)
Opcode: 0x04
Handle: 0x1d00
Length: 147
Raw Value: 3800fe008300092667fd004266005100008003000201000100000000000000000000000000000000000000000000000000000000000000000000000000000000000000000000000000000000000000000000000000000000000000000000000000000000000000000000000000000000000000000000000000000000000000000000000000006210fe

=== Packet #1040 ===
Time: 2025-04-15 03:14:14.983975
SRC/DEST: PMD_BT4J_cc8da2744446 (cc:8d:a2:74:44:46) -> Lenovo Tab M8 (4th Gen) 2024 (e0:1f:fc:3d:b7:1a)
Opcode: 0x04
Handle: 0x1d00
Length: 197
Raw Value: 3800fe00b500097267fd00426600510000004d0010010001000000000000000000000000000000000000000000000000000000000000000000000000000000000000000000000000000000000000000000000000000000000000000000000000000000000000000000000000000000000000000000000000000000000000000000000000000000000000000000000000000000000000000000000000000000000000000000000000000000000000000000000000000000005fb1fe

=== Packet #1045 ===
Time: 2025-04-15 03:14:15.042900
SRC/DEST: PMD_BT4J_cc8da2744446 (cc:8d:a2:74:44:46) -> Lenovo Tab M8 (4th Gen) 2024 (e0:1f:fc:3d:b7:1a)
Opcode: 0x04
Handle: 0x1d00
Length: 53
Raw Value: 3800fe002500097767fd004266005100000042000104000800000000000000000000000000000000865efe

=== Packet #1050 ===
Time: 2025-04-15 03:14:15.102847
SRC/DEST: PMD_BT4J_cc8da2744446 (cc:8d:a2:74:44:46) -> Lenovo Tab M8 (4th Gen) 2024 (e0:1f:fc:3d:b7:1a)
Opcode: 0x04
Handle: 0x1d00
Length: 41
Raw Value: 3800fe001900092b67fd004267005100000042000113000200000000f983fe

=== Packet #1055 ===
Time: 2025-04-15 03:14:15.163368
SRC/DEST: PMD_BT4J_cc8da2744446 (cc:8d:a2:74:44:46) -> Lenovo Tab M8 (4th Gen) 2024 (e0:1f:fc:3d:b7:1a)
Opcode: 0x04
Handle: 0x1d00
Length: 38
Raw Value: 3800fe001600090767fd0042670051000000420010000001007ddffe

=== Packet #1060 ===
Time: 2025-04-15 03:14:15.239244
SRC/DEST: PMD_BT4J_cc8da2744446 (cc:8d:a2:74:44:46) -> Lenovo Tab M8 (4th Gen) 2024 (e0:1f:fc:3d:b7:1a)
Opcode: 0x04
Handle: 0x1d00
Length: 197
Raw Value: 3800fe00b50009a867fd00426700510000000b00100e000100000000000000000000000000000000000000000000000000000000000000000000000000000000000000000000000000000000000000000000000000000000000000000000000000000000000000000000000000000000000000000000000000000000000000000000000000000000000000000000000000000000000000000000000000000000000000000000000000000000000000000000000000000000924efe

=== Packet #1065 ===
Time: 2025-04-15 03:14:15.329036
SRC/DEST: PMD_BT4J_cc8da2744446 (cc:8d:a2:74:44:46) -> Lenovo Tab M8 (4th Gen) 2024 (e0:1f:fc:3d:b7:1a)
Opcode: 0x04
Handle: 0x1d00
Length: 197
Raw Value: 3800fe00b500095e67fd00426700510000000f0010090001000000000000000000000000000000000000000000000000000000000000000000000000000000000000000000000000000000000000000000000000000000000000000000000000000000000000000000000000000000000000000000000000000000000000000000000000000000000000000000000000000000000000000000000000000000000000000000000000000000000000000000000000000000004f17fe

=== Packet #1070 ===
Time: 2025-04-15 03:14:15.403997
SRC/DEST: PMD_BT4J_cc8da2744446 (cc:8d:a2:74:44:46) -> Lenovo Tab M8 (4th Gen) 2024 (e0:1f:fc:3d:b7:1a)
Opcode: 0x04
Handle: 0x1d00
Length: 197
Raw Value: 3800fe00b500099667fd00426700510000004a001002000100000000000000000000000000000000000000000000000000000000000000000000000000000000000000000000000000000000000000000000000000000000000000000000000000000000000000000000000000000000000000000000000000000000000000000000000000000000000000000000000000000000000000000000000000000000000000000000000000000000000000000000000000000000e49afe

=== Packet #1075 ===
Time: 2025-04-15 03:14:15.479168
SRC/DEST: PMD_BT4J_cc8da2744446 (cc:8d:a2:74:44:46) -> Lenovo Tab M8 (4th Gen) 2024 (e0:1f:fc:3d:b7:1a)
Opcode: 0x04
Handle: 0x1d00
Length: 197
Raw Value: 3800fe00b500099267fd00426700510000004200100100010000000000000000000000000000000000000000000000000000000000000000000000000000000000000000000000000000000000000000000000000000000000000000000000000000000000000000000000000000000000000000000000000000000000000000000000000000000000000000000000000000000000000000000000000000000000000000000000000000000000000000000000000000000082c3fe

=== Packet #1086 ===
Time: 2025-04-15 03:14:15.823960
SRC/DEST: PMD_BT4J_cc8da2744446 (cc:8d:a2:74:44:46) -> Lenovo Tab M8 (4th Gen) 2024 (e0:1f:fc:3d:b7:1a)
Opcode: 0x04
Handle: 0x1d00
Length: 165
Raw Value: 3800fe00950009f867fd00426700510000ffff00020000010000000000000000000000000000000000000000000000000000000000000057005a657461343030352030302e30302e30303232206230312e30320000000000434a30383032333830303033000000000000000000000000000000000000000b004f6d656761323030302032342e32372e303032320000000000000000000000aa6bfe

=== Packet #1091 ===
Time: 2025-04-15 03:14:15.898293
SRC/DEST: PMD_BT4J_cc8da2744446 (cc:8d:a2:74:44:46) -> Lenovo Tab M8 (4th Gen) 2024 (e0:1f:fc:3d:b7:1a)
Opcode: 0x04
Handle: 0x1d00
Length: 41
Raw Value: 3800fe001900095f67fd00426700510000000b0001270002000200018404fe

=== Packet #1096 ===
Time: 2025-04-15 03:14:15.973371
SRC/DEST: PMD_BT4J_cc8da2744446 (cc:8d:a2:74:44:46) -> Lenovo Tab M8 (4th Gen) 2024 (e0:1f:fc:3d:b7:1a)
Opcode: 0x04
Handle: 0x1d00
Length: 41
Raw Value: 3800fe001900092967fd00426700510000004d001100000200000000939cfe

=== Packet #1101 ===
Time: 2025-04-15 03:14:16.032948
SRC/DEST: PMD_BT4J_cc8da2744446 (cc:8d:a2:74:44:46) -> Lenovo Tab M8 (4th Gen) 2024 (e0:1f:fc:3d:b7:1a)
Opcode: 0x04
Handle: 0x1d00
Length: 74
Raw Value: 3800fe003a00095f67fd004267005100008003001007001d0000000000000000000000000000000000000000000000000000000000000000000000000059aefe

=== Packet #1106 ===
Time: 2025-04-15 03:14:16.092832
SRC/DEST: PMD_BT4J_cc8da2744446 (cc:8d:a2:74:44:46) -> Lenovo Tab M8 (4th Gen) 2024 (e0:1f:fc:3d:b7:1a)
Opcode: 0x04
Handle: 0x1d00
Length: 42
Raw Value: 3800fe001a00099867fd0042680051000080030000090003000000000031c8fe

=== Packet #1111 ===
Time: 2025-04-15 03:14:16.153525
SRC/DEST: PMD_BT4J_cc8da2744446 (cc:8d:a2:74:44:46) -> Lenovo Tab M8 (4th Gen) 2024 (e0:1f:fc:3d:b7:1a)
Opcode: 0x04
Handle: 0x1d00
Length: 38
Raw Value: 3800fe00160009bc67fd0042680051000080030001060001010f2afe

=== Packet #1116 ===
Time: 2025-04-15 03:14:16.230242
SRC/DEST: PMD_BT4J_cc8da2744446 (cc:8d:a2:74:44:46) -> Lenovo Tab M8 (4th Gen) 2024 (e0:1f:fc:3d:b7:1a)
Opcode: 0x04
Handle: 0x1d00
Length: 147
Raw Value: 3800fe00830009ba67fd004268005100008003000201000100000000000000000000000000000000000000000000000000000000000000000000000000000000000000000000000000000000000000000000000000000000000000000000000000000000000000000000000000000000000000000000000000000000000000000000000000008745fe

=== Packet #1121 ===
Time: 2025-04-15 03:14:16.319396
SRC/DEST: PMD_BT4J_cc8da2744446 (cc:8d:a2:74:44:46) -> Lenovo Tab M8 (4th Gen) 2024 (e0:1f:fc:3d:b7:1a)
Opcode: 0x04
Handle: 0x1d00
Length: 197
Raw Value: 3800fe00b500091967fd00426800510000004d00100100010000000000000000000000000000000000000000000000000000000000000000000000000000000000000000000000000000000000000000000000000000000000000000000000000000000000000000000000000000000000000000000000000000000000000000000000000000000000000000000000000000000000000000000000000000000000000000000000000000000000000000000000000000000004c1fe

=== Packet #1126 ===
Time: 2025-04-15 03:14:16.395509
SRC/DEST: PMD_BT4J_cc8da2744446 (cc:8d:a2:74:44:46) -> Lenovo Tab M8 (4th Gen) 2024 (e0:1f:fc:3d:b7:1a)
Opcode: 0x04
Handle: 0x1d00
Length: 108
Raw Value: 3800fe005c0009ef67fd00426800510000ffff00001d0002504d445f4254344a5f6363386461323734343434360000000000000000000000000000000000000000000000000000000000003532393700000000000000000000000000000000e63dfe

=== Packet #1131 ===
Time: 2025-04-15 03:14:16.468613
SRC/DEST: PMD_BT4J_cc8da2744446 (cc:8d:a2:74:44:46) -> Lenovo Tab M8 (4th Gen) 2024 (e0:1f:fc:3d:b7:1a)
Opcode: 0x04
Handle: 0x1d00
Length: 42
Raw Value: 3800fe001a00096267fd00426800510000ffff000002000167fd00427a70d0fe

=== Packet #1136 ===
Time: 2025-04-15 03:14:16.543389
SRC/DEST: PMD_BT4J_cc8da2744446 (cc:8d:a2:74:44:46) -> Lenovo Tab M8 (4th Gen) 2024 (e0:1f:fc:3d:b7:1a)
Opcode: 0x04
Handle: 0x1d00
Length: 47
Raw Value: 3800fe001f0009e567fd00426800510000ffff00001700050001000000010000000029cafe

=== Packet #1141 ===
Time: 2025-04-15 03:14:16.603132
SRC/DEST: PMD_BT4J_cc8da2744446 (cc:8d:a2:74:44:46) -> Lenovo Tab M8 (4th Gen) 2024 (e0:1f:fc:3d:b7:1a)
Opcode: 0x04
Handle: 0x1d00
Length: 108
Raw Value: 3800fe005c0009b367fd00426800510000ffff00001d0002504d445f4254344a5f6363386461323734343434360000000000000000000000000000000000000000000000000000000000003532393700000000000000000000000000000000275afe

=== Packet #1146 ===
Time: 2025-04-15 03:14:16.663448
SRC/DEST: PMD_BT4J_cc8da2744446 (cc:8d:a2:74:44:46) -> Lenovo Tab M8 (4th Gen) 2024 (e0:1f:fc:3d:b7:1a)
Opcode: 0x04
Handle: 0x1d00
Length: 42
Raw Value: 3800fe001a00095367fd00426800510000ffff000002000167fd00427a08f5fe

=== Packet #1151 ===
Time: 2025-04-15 03:14:16.722879
SRC/DEST: PMD_BT4J_cc8da2744446 (cc:8d:a2:74:44:46) -> Lenovo Tab M8 (4th Gen) 2024 (e0:1f:fc:3d:b7:1a)
Opcode: 0x04
Handle: 0x1d00
Length: 47
Raw Value: 3800fe001f0009c667fd00426800510000ffff0000170005000100000001000000000935fe

=== Packet #1156 ===
Time: 2025-04-15 03:14:16.782848
SRC/DEST: PMD_BT4J_cc8da2744446 (cc:8d:a2:74:44:46) -> Lenovo Tab M8 (4th Gen) 2024 (e0:1f:fc:3d:b7:1a)
Opcode: 0x04
Handle: 0x1d00
Length: 42
Raw Value: 3800fe001a00097b67fd00426800510000ffff00003200030100000000e2cafe

=== Packet #1161 ===
Time: 2025-04-15 03:14:21.613769
SRC/DEST: PMD_BT4J_cc8da2744446 (cc:8d:a2:74:44:46) -> Lenovo Tab M8 (4th Gen) 2024 (e0:1f:fc:3d:b7:1a)
Opcode: 0x04
Handle: 0x1d00
Length: 108
Raw Value: 3800fe005c00098567fd00426d00510000ffff00001d0002504d445f4254344a5f6363386461323734343434360000000000000000000000000000000000000000000000000000000000003532393700000000000000000000000000000000b85afe

=== Packet #1166 ===
Time: 2025-04-15 03:14:21.688373
SRC/DEST: PMD_BT4J_cc8da2744446 (cc:8d:a2:74:44:46) -> Lenovo Tab M8 (4th Gen) 2024 (e0:1f:fc:3d:b7:1a)
Opcode: 0x04
Handle: 0x1d00
Length: 42
Raw Value: 3800fe001a0009a467fd00426d00510000ffff000002000167fd00427feaf7fe

=== Packet #1171 ===
Time: 2025-04-15 03:14:21.747821
SRC/DEST: PMD_BT4J_cc8da2744446 (cc:8d:a2:74:44:46) -> Lenovo Tab M8 (4th Gen) 2024 (e0:1f:fc:3d:b7:1a)
Opcode: 0x04
Handle: 0x1d00
Length: 47
Raw Value: 3800fe001f00095167fd00426d00510000ffff0000170005000100000001000000004cf6fe

=== Packet #1176 ===
Time: 2025-04-15 03:14:21.808098
SRC/DEST: PMD_BT4J_cc8da2744446 (cc:8d:a2:74:44:46) -> Lenovo Tab M8 (4th Gen) 2024 (e0:1f:fc:3d:b7:1a)
Opcode: 0x04
Handle: 0x1d00
Length: 42
Raw Value: 3800fe001a00091467fd00426d00510000ffff0000320003010000000067c2fe

=== Packet #1181 ===
Time: 2025-04-15 03:14:26.593901
SRC/DEST: PMD_BT4J_cc8da2744446 (cc:8d:a2:74:44:46) -> Lenovo Tab M8 (4th Gen) 2024 (e0:1f:fc:3d:b7:1a)
Opcode: 0x04
Handle: 0x1d00
Length: 108
Raw Value: 3800fe005c00098467fd00427200510000ffff00001d0002504d445f4254344a5f6363386461323734343434360000000000000000000000000000000000000000000000000000000000003532393700000000000000000000000000000000e510fe

=== Packet #1186 ===
Time: 2025-04-15 03:14:26.652769
SRC/DEST: PMD_BT4J_cc8da2744446 (cc:8d:a2:74:44:46) -> Lenovo Tab M8 (4th Gen) 2024 (e0:1f:fc:3d:b7:1a)
Opcode: 0x04
Handle: 0x1d00
Length: 42
Raw Value: 3800fe001a00097267fd00427200510000ffff000002000167fd004284b8a8fe

=== Packet #1191 ===
Time: 2025-04-15 03:14:26.712854
SRC/DEST: PMD_BT4J_cc8da2744446 (cc:8d:a2:74:44:46) -> Lenovo Tab M8 (4th Gen) 2024 (e0:1f:fc:3d:b7:1a)
Opcode: 0x04
Handle: 0x1d00
Length: 47
Raw Value: 3800fe001f0009ec67fd00427200510000ffff0000170005000100000001000000002038fe

=== Packet #1196 ===
Time: 2025-04-15 03:14:26.773378
SRC/DEST: PMD_BT4J_cc8da2744446 (cc:8d:a2:74:44:46) -> Lenovo Tab M8 (4th Gen) 2024 (e0:1f:fc:3d:b7:1a)
Opcode: 0x04
Handle: 0x1d00
Length: 42
Raw Value: 3800fe001a00090a67fd00427200510000ffff00003200030100000000a24bfe

=== Packet #1201 ===
Time: 2025-04-15 03:14:27.448981
SRC/DEST: PMD_BT4J_cc8da2744446 (cc:8d:a2:74:44:46) -> Lenovo Tab M8 (4th Gen) 2024 (e0:1f:fc:3d:b7:1a)
Opcode: 0x04
Handle: 0x1d00
Length: 165
Raw Value: 3800fe00950009df67fd00427300510000ffff00020000010000000000000000000000000000000000000000000000000000000000000057005a657461343030352030302e30302e30303232206230312e30320000000000434a30383032333830303033000000000000000000000000000000000000000b004f6d656761323030302032342e32372e303032320000000000000000000000a379fe

=== Packet #1206 ===
Time: 2025-04-15 03:14:27.523348
SRC/DEST: PMD_BT4J_cc8da2744446 (cc:8d:a2:74:44:46) -> Lenovo Tab M8 (4th Gen) 2024 (e0:1f:fc:3d:b7:1a)
Opcode: 0x04
Handle: 0x1d00
Length: 41
Raw Value: 3800fe001900095b67fd00427300510000000b0001270002000200017a8ffe

=== Packet #1211 ===
Time: 2025-04-15 03:14:27.598501
SRC/DEST: PMD_BT4J_cc8da2744446 (cc:8d:a2:74:44:46) -> Lenovo Tab M8 (4th Gen) 2024 (e0:1f:fc:3d:b7:1a)
Opcode: 0x04
Handle: 0x1d00
Length: 41
Raw Value: 3800fe001900098a67fd00427300510000004d0011000002000000004019fe

=== Packet #1216 ===
Time: 2025-04-15 03:14:27.658138
SRC/DEST: PMD_BT4J_cc8da2744446 (cc:8d:a2:74:44:46) -> Lenovo Tab M8 (4th Gen) 2024 (e0:1f:fc:3d:b7:1a)
Opcode: 0x04
Handle: 0x1d00
Length: 74
Raw Value: 3800fe003a00095167fd004273005100008003001007001d00000000000000000000000000000000000000000000000000000000000000000000000000a279fe

=== Packet #1221 ===
Time: 2025-04-15 03:14:27.717882
SRC/DEST: PMD_BT4J_cc8da2744446 (cc:8d:a2:74:44:46) -> Lenovo Tab M8 (4th Gen) 2024 (e0:1f:fc:3d:b7:1a)
Opcode: 0x04
Handle: 0x1d00
Length: 42
Raw Value: 3800fe001a0009a067fd00427300510000800300000900030000000000f784fe

=== Packet #1226 ===
Time: 2025-04-15 03:14:27.779537
SRC/DEST: PMD_BT4J_cc8da2744446 (cc:8d:a2:74:44:46) -> Lenovo Tab M8 (4th Gen) 2024 (e0:1f:fc:3d:b7:1a)
Opcode: 0x04
Handle: 0x1d00
Length: 38
Raw Value: 3800fe001600091167fd004273005100008003000106000101c780fe

=== Packet #1231 ===
Time: 2025-04-15 03:14:27.855634
SRC/DEST: PMD_BT4J_cc8da2744446 (cc:8d:a2:74:44:46) -> Lenovo Tab M8 (4th Gen) 2024 (e0:1f:fc:3d:b7:1a)
Opcode: 0x04
Handle: 0x1d00
Length: 147
Raw Value: 3800fe00830009a267fd00427300510000800300020100010000000000000000000000000000000000000000000000000000000000000000000000000000000000000000000000000000000000000000000000000000000000000000000000000000000000000000000000000000000000000000000000000000000000000000000000000000e605fe

=== Packet #1236 ===
Time: 2025-04-15 03:14:27.945811
SRC/DEST: PMD_BT4J_cc8da2744446 (cc:8d:a2:74:44:46) -> Lenovo Tab M8 (4th Gen) 2024 (e0:1f:fc:3d:b7:1a)
Opcode: 0x04
Handle: 0x1d00
Length: 197
Raw Value: 3800fe00b500098e67fd00427300510000004d001001000100000000000000000000000000000000000000000000000000000000000000000000000000000000000000000000000000000000000000000000000000000000000000000000000000000000000000000000000000000000000000000000000000000000000000000000000000000000000000000000000000000000000000000000000000000000000000000000000000000000000000000000000000000000d458fe

=== Packet #1241 ===
Time: 2025-04-15 03:14:28.003815
SRC/DEST: PMD_BT4J_cc8da2744446 (cc:8d:a2:74:44:46) -> Lenovo Tab M8 (4th Gen) 2024 (e0:1f:fc:3d:b7:1a)
Opcode: 0x04
Handle: 0x1d00
Length: 108
Raw Value: 3800fe005c0009bb67fd00427300510000ffff00001d0002504d445f4254344a5f6363386461323734343434360000000000000000000000000000000000000000000000000000000000003532393700000000000000000000000000000000a679fe

=== Packet #1246 ===
Time: 2025-04-15 03:14:28.063557
SRC/DEST: PMD_BT4J_cc8da2744446 (cc:8d:a2:74:44:46) -> Lenovo Tab M8 (4th Gen) 2024 (e0:1f:fc:3d:b7:1a)
Opcode: 0x04
Handle: 0x1d00
Length: 42
Raw Value: 3800fe001a00095467fd00427400510000ffff000002000167fd004285f5cbfe

=== Packet #1251 ===
Time: 2025-04-15 03:14:28.123580
SRC/DEST: PMD_BT4J_cc8da2744446 (cc:8d:a2:74:44:46) -> Lenovo Tab M8 (4th Gen) 2024 (e0:1f:fc:3d:b7:1a)
Opcode: 0x04
Handle: 0x1d00
Length: 47
Raw Value: 3800fe001f0009a767fd00427400510000ffff0000170005000100000001000000005213fe

=== Packet #1256 ===
Time: 2025-04-15 03:14:28.183572
SRC/DEST: PMD_BT4J_cc8da2744446 (cc:8d:a2:74:44:46) -> Lenovo Tab M8 (4th Gen) 2024 (e0:1f:fc:3d:b7:1a)
Opcode: 0x04
Handle: 0x1d00
Length: 42
Raw Value: 3800fe001a00097e67fd00427400510000ffff000032000301000000007f59fe

=== Packet #1261 ===
Time: 2025-04-15 03:14:28.243460
SRC/DEST: PMD_BT4J_cc8da2744446 (cc:8d:a2:74:44:46) -> Lenovo Tab M8 (4th Gen) 2024 (e0:1f:fc:3d:b7:1a)
Opcode: 0x04
Handle: 0x1d00
Length: 51
Raw Value: 3800fe002300096667fd00427400510000000b001000000e0000000000000000000000000000316bfe

=== Packet #1266 ===
Time: 2025-04-15 03:14:28.303435
SRC/DEST: PMD_BT4J_cc8da2744446 (cc:8d:a2:74:44:46) -> Lenovo Tab M8 (4th Gen) 2024 (e0:1f:fc:3d:b7:1a)
Opcode: 0x04
Handle: 0x1d00
Length: 40
Raw Value: 3800fe001800096e67fd00427400510000000b00100f000200dc02f079fe

=== Packet #1271 ===
Time: 2025-04-15 03:14:28.379911
SRC/DEST: PMD_BT4J_cc8da2744446 (cc:8d:a2:74:44:46) -> Lenovo Tab M8 (4th Gen) 2024 (e0:1f:fc:3d:b7:1a)
Opcode: 0x04
Handle: 0x1d00
Length: 92
Raw Value: 3800fe004c00096467fd00427400510000000b001100001b00000004000888000100c20000053600000064000000000064ffffffff00000000000000000118057d0000000000000000000000000002a877fe

=== Packet #1276 ===
Time: 2025-04-15 03:14:28.454945
SRC/DEST: PMD_BT4J_cc8da2744446 (cc:8d:a2:74:44:46) -> Lenovo Tab M8 (4th Gen) 2024 (e0:1f:fc:3d:b7:1a)
Opcode: 0x04
Handle: 0x1d00
Length: 57
Raw Value: 3800fe002900093967fd00427400510000000b000008000a000503e80001001e058c05460488000300030003f139fe

=== Packet #1281 ===
Time: 2025-04-15 03:14:28.513617
SRC/DEST: PMD_BT4J_cc8da2744446 (cc:8d:a2:74:44:46) -> Lenovo Tab M8 (4th Gen) 2024 (e0:1f:fc:3d:b7:1a)
Opcode: 0x04
Handle: 0x1d00
Length: 53
Raw Value: 3800fe002500098d67fd00427400510000000b00010a0008004b0019004b0019004b0019004b00190050fe

=== Packet #1286 ===
Time: 2025-04-15 03:14:28.573860
SRC/DEST: PMD_BT4J_cc8da2744446 (cc:8d:a2:74:44:46) -> Lenovo Tab M8 (4th Gen) 2024 (e0:1f:fc:3d:b7:1a)
Opcode: 0x04
Handle: 0x1d00
Length: 121
Raw Value: 3800fe006900095267fd00427400510000000b0001020008010101014672657368310000000000000000000000000000467265736832000000000000000000000000000046726573683300000000000000000000000000005761737465000000000000000000000000000000139efe

=== Packet #1291 ===
Time: 2025-04-15 03:14:28.649336
SRC/DEST: PMD_BT4J_cc8da2744446 (cc:8d:a2:74:44:46) -> Lenovo Tab M8 (4th Gen) 2024 (e0:1f:fc:3d:b7:1a)
Opcode: 0x04
Handle: 0x1d00
Length: 197
Raw Value: 3800fe00b50009ca67fd00427400510000000b00100e0001000000000000000000000000000000000000000000000000000000000000000000000000000000000000000000000000000000000000000000000000000000000000000000000000000000000000000000000000000000000000000000000000000000000000000000000000000000000000000000000000000000000000000000000000000000000000000000000000000000000000000000000000000000003f4ffe

=== Packet #1296 ===
Time: 2025-04-15 03:14:28.723927
SRC/DEST: PMD_BT4J_cc8da2744446 (cc:8d:a2:74:44:46) -> Lenovo Tab M8 (4th Gen) 2024 (e0:1f:fc:3d:b7:1a)
Opcode: 0x04
Handle: 0x1d00
Length: 197
Raw Value: 3800fe00b500099567fd00427400510000000f0010090001000000000000000000000000000000000000000000000000000000000000000000000000000000000000000000000000000000000000000000000000000000000000000000000000000000000000000000000000000000000000000000000000000000000000000000000000000000000000000000000000000000000000000000000000000000000000000000000000000000000000000000000000000000008e1afe

=== Packet #1301 ===
Time: 2025-04-15 03:14:28.814602
SRC/DEST: PMD_BT4J_cc8da2744446 (cc:8d:a2:74:44:46) -> Lenovo Tab M8 (4th Gen) 2024 (e0:1f:fc:3d:b7:1a)
Opcode: 0x04
Handle: 0x1d00
Length: 197
Raw Value: 3800fe00b500090c67fd00427400510000004a0010020001000000000000000000000000000000000000000000000000000000000000000000000000000000000000000000000000000000000000000000000000000000000000000000000000000000000000000000000000000000000000000000000000000000000000000000000000000000000000000000000000000000000000000000000000000000000000000000000000000000000000000000000000000000005ae5fe

=== Packet #1306 ===
Time: 2025-04-15 03:14:28.889366
SRC/DEST: PMD_BT4J_cc8da2744446 (cc:8d:a2:74:44:46) -> Lenovo Tab M8 (4th Gen) 2024 (e0:1f:fc:3d:b7:1a)
Opcode: 0x04
Handle: 0x1d00
Length: 197
Raw Value: 3800fe00b50009a967fd0042740051000000420010010001000000000000000000000000000000000000000000000000000000000000000000000000000000000000000000000000000000000000000000000000000000000000000000000000000000000000000000000000000000000000000000000000000000000000000000000000000000000000000000000000000000000000000000000000000000000000000000000000000000000000000000000000000000008f89fe

=== Packet #1317 ===
Time: 2025-04-15 03:14:29.038447
SRC/DEST: PMD_BT4J_cc8da2744446 (cc:8d:a2:74:44:46) -> Lenovo Tab M8 (4th Gen) 2024 (e0:1f:fc:3d:b7:1a)
Opcode: 0x04
Handle: 0x1d00
Length: 39
Raw Value: 3800fe00170009ce67fd00427400510000004a0010000002000013f6fe

=== Packet #1322 ===
Time: 2025-04-15 03:14:29.098695
SRC/DEST: PMD_BT4J_cc8da2744446 (cc:8d:a2:74:44:46) -> Lenovo Tab M8 (4th Gen) 2024 (e0:1f:fc:3d:b7:1a)
Opcode: 0x04
Handle: 0x1d00
Length: 38
Raw Value: 3800fe00160009b267fd00427500510000004a001003000100ab3ffe

=== Packet #1327 ===
Time: 2025-04-15 03:14:29.158632
SRC/DEST: PMD_BT4J_cc8da2744446 (cc:8d:a2:74:44:46) -> Lenovo Tab M8 (4th Gen) 2024 (e0:1f:fc:3d:b7:1a)
Opcode: 0x04
Handle: 0x1d00
Length: 45
Raw Value: 3800fe001d0009bf67fd00427500510000004a001100000400000000000000001ab8fe

=== Packet #1332 ===
Time: 2025-04-15 03:14:29.218394
SRC/DEST: PMD_BT4J_cc8da2744446 (cc:8d:a2:74:44:46) -> Lenovo Tab M8 (4th Gen) 2024 (e0:1f:fc:3d:b7:1a)
Opcode: 0x04
Handle: 0x1d00
Length: 41
Raw Value: 3800fe001900098f67fd00427500510000004a0000000002000000007ef4fe

=== Packet #1337 ===
Time: 2025-04-15 03:14:29.278084
SRC/DEST: PMD_BT4J_cc8da2744446 (cc:8d:a2:74:44:46) -> Lenovo Tab M8 (4th Gen) 2024 (e0:1f:fc:3d:b7:1a)
Opcode: 0x04
Handle: 0x1d00
Length: 53
Raw Value: 3800fe00250009b867fd00427500510000000f001000000900000000000000000000000000000000c3b5fe

=== Packet #1342 ===
Time: 2025-04-15 03:14:29.369378
SRC/DEST: PMD_BT4J_cc8da2744446 (cc:8d:a2:74:44:46) -> Lenovo Tab M8 (4th Gen) 2024 (e0:1f:fc:3d:b7:1a)
Opcode: 0x04
Handle: 0x1d00
Length: 47
Raw Value: 3800fe001f00098067fd00427500510000000f00100a0005000000000000000000007ec6fe

=== Packet #1347 ===
Time: 2025-04-15 03:14:29.446061
SRC/DEST: PMD_BT4J_cc8da2744446 (cc:8d:a2:74:44:46) -> Lenovo Tab M8 (4th Gen) 2024 (e0:1f:fc:3d:b7:1a)
Opcode: 0x04
Handle: 0x1d00
Length: 47
Raw Value: 3800fe001f0009cf67fd00427500510000000f0000000005000000000000000000000622fe

=== Packet #1352 ===
Time: 2025-04-15 03:14:29.521719
SRC/DEST: PMD_BT4J_cc8da2744446 (cc:8d:a2:74:44:46) -> Lenovo Tab M8 (4th Gen) 2024 (e0:1f:fc:3d:b7:1a)
Opcode: 0x04
Handle: 0x1d00
Length: 39
Raw Value: 3800fe001700093567fd00427500510000000f00004700010000d0b2fe

=== Packet #1357 ===
Time: 2025-04-15 03:14:29.609732
SRC/DEST: PMD_BT4J_cc8da2744446 (cc:8d:a2:74:44:46) -> Lenovo Tab M8 (4th Gen) 2024 (e0:1f:fc:3d:b7:1a)
Opcode: 0x04
Handle: 0x1d00
Length: 41
Raw Value: 3800fe001900090467fd00427500510000000f0001000002001e0000775efe

=== Packet #1362 ===
Time: 2025-04-15 03:14:29.687357
SRC/DEST: PMD_BT4J_cc8da2744446 (cc:8d:a2:74:44:46) -> Lenovo Tab M8 (4th Gen) 2024 (e0:1f:fc:3d:b7:1a)
Opcode: 0x04
Handle: 0x1d00
Length: 58
Raw Value: 3800fe002a00092c67fd004275005100000051001100000b00000000000000000000000000000000000000000021fbfe

=== Packet #1367 ===
Time: 2025-04-15 03:14:29.775788
SRC/DEST: PMD_BT4J_cc8da2744446 (cc:8d:a2:74:44:46) -> Lenovo Tab M8 (4th Gen) 2024 (e0:1f:fc:3d:b7:1a)
Opcode: 0x04
Handle: 0x1d00
Length: 41
Raw Value: 3800fe00190009e267fd0042750051000000510011140002000000003ef1fe

=== Packet #1372 ===
Time: 2025-04-15 03:14:29.851600
SRC/DEST: PMD_BT4J_cc8da2744446 (cc:8d:a2:74:44:46) -> Lenovo Tab M8 (4th Gen) 2024 (e0:1f:fc:3d:b7:1a)
Opcode: 0x04
Handle: 0x1d00
Length: 57
Raw Value: 3800fe00290009ad67fd00427500510000005100112e000100000000000000000000000000000000000000007042fe

=== Packet #1377 ===
Time: 2025-04-15 03:14:29.925167
SRC/DEST: PMD_BT4J_cc8da2744446 (cc:8d:a2:74:44:46) -> Lenovo Tab M8 (4th Gen) 2024 (e0:1f:fc:3d:b7:1a)
Opcode: 0x04
Handle: 0x1d00
Length: 39
Raw Value: 3800fe001700092567fd004275005100000051000007000100005108fe

=== Packet #1382 ===
Time: 2025-04-15 03:14:30.014696
SRC/DEST: PMD_BT4J_cc8da2744446 (cc:8d:a2:74:44:46) -> Lenovo Tab M8 (4th Gen) 2024 (e0:1f:fc:3d:b7:1a)
Opcode: 0x04
Handle: 0x1d00
Length: 53
Raw Value: 3800fe002500090a67fd0042750051000000420001040008000000000000000000000000000000009722fe

=== Packet #1387 ===
Time: 2025-04-15 03:14:30.089678
SRC/DEST: PMD_BT4J_cc8da2744446 (cc:8d:a2:74:44:46) -> Lenovo Tab M8 (4th Gen) 2024 (e0:1f:fc:3d:b7:1a)
Opcode: 0x04
Handle: 0x1d00
Length: 41
Raw Value: 3800fe00190009d467fd00427600510000004200011300020000000035c4fe

=== Packet #1392 ===
Time: 2025-04-15 03:14:30.181346
SRC/DEST: PMD_BT4J_cc8da2744446 (cc:8d:a2:74:44:46) -> Lenovo Tab M8 (4th Gen) 2024 (e0:1f:fc:3d:b7:1a)
Opcode: 0x04
Handle: 0x1d00
Length: 38
Raw Value: 3800fe00160009b267fd0042760051000000420010000001002778fe

=== Packet #1397 ===
Time: 2025-04-15 03:14:30.254043
SRC/DEST: PMD_BT4J_cc8da2744446 (cc:8d:a2:74:44:46) -> Lenovo Tab M8 (4th Gen) 2024 (e0:1f:fc:3d:b7:1a)
Opcode: 0x04
Handle: 0x1d00
Length: 51
Raw Value: 3800fe002300091e67fd00427600510000004200004000070000000000000000000000000000b694fe

=== Packet #1402 ===
Time: 2025-04-15 03:14:30.313039
SRC/DEST: PMD_BT4J_cc8da2744446 (cc:8d:a2:74:44:46) -> Lenovo Tab M8 (4th Gen) 2024 (e0:1f:fc:3d:b7:1a)
Opcode: 0x04
Handle: 0x1d00
Length: 39
Raw Value: 3800fe001700095067fd00427600510000004200004f00010000f90afe

=== Packet #1407 ===
Time: 2025-04-15 03:14:30.449810
SRC/DEST: PMD_BT4J_cc8da2744446 (cc:8d:a2:74:44:46) -> Lenovo Tab M8 (4th Gen) 2024 (e0:1f:fc:3d:b7:1a)
Opcode: 0x04
Handle: 0x1d00
Length: 165
Raw Value: 3800fe009500099967fd00427600510000ffff00020000010000000000000000000000000000000000000000000000000000000000000057005a657461343030352030302e30302e30303232206230312e30320000000000434a30383032333830303033000000000000000000000000000000000000000b004f6d656761323030302032342e32372e303032320000000000000000000000b86cfe

=== Packet #1412 ===
Time: 2025-04-15 03:14:30.539341
SRC/DEST: PMD_BT4J_cc8da2744446 (cc:8d:a2:74:44:46) -> Lenovo Tab M8 (4th Gen) 2024 (e0:1f:fc:3d:b7:1a)
Opcode: 0x04
Handle: 0x1d00
Length: 41
Raw Value: 3800fe00190009da67fd00427600510000000b0001270002000200019bd3fe

=== Packet #1417 ===
Time: 2025-04-15 03:14:30.616219
SRC/DEST: PMD_BT4J_cc8da2744446 (cc:8d:a2:74:44:46) -> Lenovo Tab M8 (4th Gen) 2024 (e0:1f:fc:3d:b7:1a)
Opcode: 0x04
Handle: 0x1d00
Length: 41
Raw Value: 3800fe001900095d67fd00427600510000004d001100000200000000e57ffe

=== Packet #1422 ===
Time: 2025-04-15 03:14:30.705132
SRC/DEST: PMD_BT4J_cc8da2744446 (cc:8d:a2:74:44:46) -> Lenovo Tab M8 (4th Gen) 2024 (e0:1f:fc:3d:b7:1a)
Opcode: 0x04
Handle: 0x1d00
Length: 74
Raw Value: 3800fe003a00099967fd004276005100008003001007001d0000000000000000000000000000000000000000000000000000000000000000000000000052a6fe

=== Packet #1427 ===
Time: 2025-04-15 03:14:30.781372
SRC/DEST: PMD_BT4J_cc8da2744446 (cc:8d:a2:74:44:46) -> Lenovo Tab M8 (4th Gen) 2024 (e0:1f:fc:3d:b7:1a)
Opcode: 0x04
Handle: 0x1d00
Length: 42
Raw Value: 3800fe001a00098f67fd004276005100008003000009000300000000003c48fe

=== Packet #1432 ===
Time: 2025-04-15 03:14:30.871460
SRC/DEST: PMD_BT4J_cc8da2744446 (cc:8d:a2:74:44:46) -> Lenovo Tab M8 (4th Gen) 2024 (e0:1f:fc:3d:b7:1a)
Opcode: 0x04
Handle: 0x1d00
Length: 38
Raw Value: 3800fe001600094867fd00427600510000800300010600010121c6fe

=== Packet #1437 ===
Time: 2025-04-15 03:14:30.961441
SRC/DEST: PMD_BT4J_cc8da2744446 (cc:8d:a2:74:44:46) -> Lenovo Tab M8 (4th Gen) 2024 (e0:1f:fc:3d:b7:1a)
Opcode: 0x04
Handle: 0x1d00
Length: 147
Raw Value: 3800fe00830009c867fd004276005100008003000201000100000000000000000000000000000000000000000000000000000000000000000000000000000000000000000000000000000000000000000000000000000000000000000000000000000000000000000000000000000000000000000000000000000000000000000000000000009625fe

=== Packet #1442 ===
Time: 2025-04-15 03:14:31.096551
SRC/DEST: PMD_BT4J_cc8da2744446 (cc:8d:a2:74:44:46) -> Lenovo Tab M8 (4th Gen) 2024 (e0:1f:fc:3d:b7:1a)
Opcode: 0x04
Handle: 0x1d00
Length: 197
Raw Value: 3800fe00b500099b67fd00427600510000004d00100100010000000000000000000000000000000000000000000000000000000000000000000000000000000000000000000000000000000000000000000000000000000000000000000000000000000000000000000000000000000000000000000000000000000000000000000000000000000000000000000000000000000000000000000000000000000000000000000000000000000000000000000000000000000001abfe

=== Packet #1447 ===
Time: 2025-04-15 03:14:31.184437
SRC/DEST: PMD_BT4J_cc8da2744446 (cc:8d:a2:74:44:46) -> Lenovo Tab M8 (4th Gen) 2024 (e0:1f:fc:3d:b7:1a)
Opcode: 0x04
Handle: 0x1d00
Length: 108
Raw Value: 3800fe005c00099c67fd00427700510000ffff00001d0002504d445f4254344a5f63633864613237343434343600000000000000000000000000000000000000000000000000000000000035323937000000000000000000000000000000009b83fe

=== Packet #1452 ===
Time: 2025-04-15 03:14:31.243520
SRC/DEST: PMD_BT4J_cc8da2744446 (cc:8d:a2:74:44:46) -> Lenovo Tab M8 (4th Gen) 2024 (e0:1f:fc:3d:b7:1a)
Opcode: 0x04
Handle: 0x1d00
Length: 42
Raw Value: 3800fe001a0009c667fd00427700510000ffff000002000167fd004288d050fe

=== Packet #1457 ===
Time: 2025-04-15 03:14:31.333805
SRC/DEST: PMD_BT4J_cc8da2744446 (cc:8d:a2:74:44:46) -> Lenovo Tab M8 (4th Gen) 2024 (e0:1f:fc:3d:b7:1a)
Opcode: 0x04
Handle: 0x1d00
Length: 47
Raw Value: 3800fe001f00092367fd00427700510000ffff0000170005000100000001000000006e45fe

=== Packet #1462 ===
Time: 2025-04-15 03:14:31.408755
SRC/DEST: PMD_BT4J_cc8da2744446 (cc:8d:a2:74:44:46) -> Lenovo Tab M8 (4th Gen) 2024 (e0:1f:fc:3d:b7:1a)
Opcode: 0x04
Handle: 0x1d00
Length: 42
Raw Value: 3800fe001a00092e67fd00427700510000ffff00003200030100000000d3fcfe

=== Packet #1467 ===
Time: 2025-04-15 03:14:31.468462
SRC/DEST: PMD_BT4J_cc8da2744446 (cc:8d:a2:74:44:46) -> Lenovo Tab M8 (4th Gen) 2024 (e0:1f:fc:3d:b7:1a)
Opcode: 0x04
Handle: 0x1d00
Length: 51
Raw Value: 3800fe002300097d67fd00427700510000000b001000000e00000000000000000000000000002bdbfe

=== Packet #1472 ===
Time: 2025-04-15 03:14:31.528290
SRC/DEST: PMD_BT4J_cc8da2744446 (cc:8d:a2:74:44:46) -> Lenovo Tab M8 (4th Gen) 2024 (e0:1f:fc:3d:b7:1a)
Opcode: 0x04
Handle: 0x1d00
Length: 40
Raw Value: 3800fe001800099767fd00427700510000000b00100f000200dc021ff0fe

=== Packet #1477 ===
Time: 2025-04-15 03:14:31.604691
SRC/DEST: PMD_BT4J_cc8da2744446 (cc:8d:a2:74:44:46) -> Lenovo Tab M8 (4th Gen) 2024 (e0:1f:fc:3d:b7:1a)
Opcode: 0x04
Handle: 0x1d00
Length: 92
Raw Value: 3800fe004c0009e267fd00427700510000000b001100001b00000004000888000100c20000053600000064000000000064ffffffff00000000000000000118057e000000000000000000000000000267dafe

=== Packet #1482 ===
Time: 2025-04-15 03:14:31.678980
SRC/DEST: PMD_BT4J_cc8da2744446 (cc:8d:a2:74:44:46) -> Lenovo Tab M8 (4th Gen) 2024 (e0:1f:fc:3d:b7:1a)
Opcode: 0x04
Handle: 0x1d00
Length: 57
Raw Value: 3800fe002900098367fd00427700510000000b000008000a000503e80001001e058c0546048800030003000361dcfe

=== Packet #1487 ===
Time: 2025-04-15 03:14:31.754123
SRC/DEST: PMD_BT4J_cc8da2744446 (cc:8d:a2:74:44:46) -> Lenovo Tab M8 (4th Gen) 2024 (e0:1f:fc:3d:b7:1a)
Opcode: 0x04
Handle: 0x1d00
Length: 53
Raw Value: 3800fe00250009f667fd00427700510000000b00010a0008004b0019004b0019004b0019004b00193c84fe

=== Packet #1492 ===
Time: 2025-04-15 03:14:31.844225
SRC/DEST: PMD_BT4J_cc8da2744446 (cc:8d:a2:74:44:46) -> Lenovo Tab M8 (4th Gen) 2024 (e0:1f:fc:3d:b7:1a)
Opcode: 0x04
Handle: 0x1d00
Length: 121
Raw Value: 3800fe006900099c67fd00427700510000000b00010200080101010146726573683100000000000000000000000000004672657368320000000000000000000000000000467265736833000000000000000000000000000057617374650000000000000000000000000000003316fe

=== Packet #1497 ===
Time: 2025-04-15 03:14:31.934232
SRC/DEST: PMD_BT4J_cc8da2744446 (cc:8d:a2:74:44:46) -> Lenovo Tab M8 (4th Gen) 2024 (e0:1f:fc:3d:b7:1a)
Opcode: 0x04
Handle: 0x1d00
Length: 197
Raw Value: 3800fe00b500096967fd00427700510000000b00100e0001000000000000000000000000000000000000000000000000000000000000000000000000000000000000000000000000000000000000000000000000000000000000000000000000000000000000000000000000000000000000000000000000000000000000000000000000000000000000000000000000000000000000000000000000000000000000000000000000000000000000000000000000000000006f8afe

=== Packet #1502 ===
Time: 2025-04-15 03:14:32.011134
SRC/DEST: PMD_BT4J_cc8da2744446 (cc:8d:a2:74:44:46) -> Lenovo Tab M8 (4th Gen) 2024 (e0:1f:fc:3d:b7:1a)
Opcode: 0x04
Handle: 0x1d00
Length: 197
Raw Value: 3800fe00b500090a67fd00427700510000000f0010090001000000000000000000000000000000000000000000000000000000000000000000000000000000000000000000000000000000000000000000000000000000000000000000000000000000000000000000000000000000000000000000000000000000000000000000000000000000000000000000000000000000000000000000000000000000000000000000000000000000000000000000000000000000002dcefe

=== Packet #1507 ===
Time: 2025-04-15 03:14:32.114348
SRC/DEST: PMD_BT4J_cc8da2744446 (cc:8d:a2:74:44:46) -> Lenovo Tab M8 (4th Gen) 2024 (e0:1f:fc:3d:b7:1a)
Opcode: 0x04
Handle: 0x1d00
Length: 197
Raw Value: 3800fe00b500098367fd00427800510000004a00100200010000000000000000000000000000000000000000000000000000000000000000000000000000000000000000000000000000000000000000000000000000000000000000000000000000000000000000000000000000000000000000000000000000000000000000000000000000000000000000000000000000000000000000000000000000000000000000000000000000000000000000000000000000000085d6fe

=== Packet #1512 ===
Time: 2025-04-15 03:14:32.189816
SRC/DEST: PMD_BT4J_cc8da2744446 (cc:8d:a2:74:44:46) -> Lenovo Tab M8 (4th Gen) 2024 (e0:1f:fc:3d:b7:1a)
Opcode: 0x04
Handle: 0x1d00
Length: 197
Raw Value: 3800fe00b500095067fd004278005100000042001001000100000000000000000000000000000000000000000000000000000000000000000000000000000000000000000000000000000000000000000000000000000000000000000000000000000000000000000000000000000000000000000000000000000000000000000000000000000000000000000000000000000000000000000000000000000000000000000000000000000000000000000000000000000000f042fe

=== Packet #1523 ===
Time: 2025-04-15 03:14:32.369408
SRC/DEST: PMD_BT4J_cc8da2744446 (cc:8d:a2:74:44:46) -> Lenovo Tab M8 (4th Gen) 2024 (e0:1f:fc:3d:b7:1a)
Opcode: 0x04
Handle: 0x1d00
Length: 39
Raw Value: 3800fe001700098c67fd00427800510000004a00100000020000ab96fe

=== Packet #1528 ===
Time: 2025-04-15 03:14:32.444885
SRC/DEST: PMD_BT4J_cc8da2744446 (cc:8d:a2:74:44:46) -> Lenovo Tab M8 (4th Gen) 2024 (e0:1f:fc:3d:b7:1a)
Opcode: 0x04
Handle: 0x1d00
Length: 38
Raw Value: 3800fe001600098b67fd00427800510000004a0010030001007a2ffe

=== Packet #1533 ===
Time: 2025-04-15 03:14:32.520920
SRC/DEST: PMD_BT4J_cc8da2744446 (cc:8d:a2:74:44:46) -> Lenovo Tab M8 (4th Gen) 2024 (e0:1f:fc:3d:b7:1a)
Opcode: 0x04
Handle: 0x1d00
Length: 45
Raw Value: 3800fe001d00099167fd00427800510000004a00110000040000000000000000829afe

=== Packet #1538 ===
Time: 2025-04-15 03:14:32.611202
SRC/DEST: PMD_BT4J_cc8da2744446 (cc:8d:a2:74:44:46) -> Lenovo Tab M8 (4th Gen) 2024 (e0:1f:fc:3d:b7:1a)
Opcode: 0x04
Handle: 0x1d00
Length: 42
Raw Value: 3800fe001a0009d967fd00427800510000004a000000000200000000fd015bfe

=== Packet #1543 ===
Time: 2025-04-15 03:14:32.686034
SRC/DEST: PMD_BT4J_cc8da2744446 (cc:8d:a2:74:44:46) -> Lenovo Tab M8 (4th Gen) 2024 (e0:1f:fc:3d:b7:1a)
Opcode: 0x04
Handle: 0x1d00
Length: 53
Raw Value: 3800fe002500093467fd00427800510000000f0010000009000000000000000000000000000000009265fe

=== Packet #1548 ===
Time: 2025-04-15 03:14:32.776521
SRC/DEST: PMD_BT4J_cc8da2744446 (cc:8d:a2:74:44:46) -> Lenovo Tab M8 (4th Gen) 2024 (e0:1f:fc:3d:b7:1a)
Opcode: 0x04
Handle: 0x1d00
Length: 47
Raw Value: 3800fe001f00097267fd00427800510000000f00100a000500000000000000000000d1e2fe

=== Packet #1553 ===
Time: 2025-04-15 03:14:32.851202
SRC/DEST: PMD_BT4J_cc8da2744446 (cc:8d:a2:74:44:46) -> Lenovo Tab M8 (4th Gen) 2024 (e0:1f:fc:3d:b7:1a)
Opcode: 0x04
Handle: 0x1d00
Length: 47
Raw Value: 3800fe001f0009d167fd00427800510000000f00000000050000000000000000000052bbfe

=== Packet #1558 ===
Time: 2025-04-15 03:14:32.924241
SRC/DEST: PMD_BT4J_cc8da2744446 (cc:8d:a2:74:44:46) -> Lenovo Tab M8 (4th Gen) 2024 (e0:1f:fc:3d:b7:1a)
Opcode: 0x04
Handle: 0x1d00
Length: 39
Raw Value: 3800fe001700096867fd00427800510000000f000047000100005fc1fe

=== Packet #1563 ===
Time: 2025-04-15 03:14:33.017105
SRC/DEST: PMD_BT4J_cc8da2744446 (cc:8d:a2:74:44:46) -> Lenovo Tab M8 (4th Gen) 2024 (e0:1f:fc:3d:b7:1a)
Opcode: 0x04
Handle: 0x1d00
Length: 41
Raw Value: 3800fe00190009eb67fd00427800510000000f0001000002001e00007143fe

=== Packet #1568 ===
Time: 2025-04-15 03:14:33.122083
SRC/DEST: PMD_BT4J_cc8da2744446 (cc:8d:a2:74:44:46) -> Lenovo Tab M8 (4th Gen) 2024 (e0:1f:fc:3d:b7:1a)
Opcode: 0x04
Handle: 0x1d00
Length: 58
Raw Value: 3800fe002a00095e67fd004279005100000051001100000b000000000000000000000000000000000000000000df5cfe

=== Packet #1573 ===
Time: 2025-04-15 03:14:33.196761
SRC/DEST: PMD_BT4J_cc8da2744446 (cc:8d:a2:74:44:46) -> Lenovo Tab M8 (4th Gen) 2024 (e0:1f:fc:3d:b7:1a)
Opcode: 0x04
Handle: 0x1d00
Length: 41
Raw Value: 3800fe00190009d467fd004279005100000051001114000200000000f666fe

=== Packet #1578 ===
Time: 2025-04-15 03:14:33.269292
SRC/DEST: PMD_BT4J_cc8da2744446 (cc:8d:a2:74:44:46) -> Lenovo Tab M8 (4th Gen) 2024 (e0:1f:fc:3d:b7:1a)
Opcode: 0x04
Handle: 0x1d00
Length: 57
Raw Value: 3800fe00290009b867fd00427900510000005100112e00010000000000000000000000000000000000000000b424fe

=== Packet #1583 ===
Time: 2025-04-15 03:14:33.373744
SRC/DEST: PMD_BT4J_cc8da2744446 (cc:8d:a2:74:44:46) -> Lenovo Tab M8 (4th Gen) 2024 (e0:1f:fc:3d:b7:1a)
Opcode: 0x04
Handle: 0x1d00
Length: 39
Raw Value: 3800fe001700093167fd0042790051000000510000070001000018f0fe

=== Packet #1588 ===
Time: 2025-04-15 03:14:33.433362
SRC/DEST: PMD_BT4J_cc8da2744446 (cc:8d:a2:74:44:46) -> Lenovo Tab M8 (4th Gen) 2024 (e0:1f:fc:3d:b7:1a)
Opcode: 0x04
Handle: 0x1d00
Length: 53
Raw Value: 3800fe002500091067fd004279005100000042000104000800000000000000000000000000000000875afe

=== Packet #1593 ===
Time: 2025-04-15 03:14:33.493234
SRC/DEST: PMD_BT4J_cc8da2744446 (cc:8d:a2:74:44:46) -> Lenovo Tab M8 (4th Gen) 2024 (e0:1f:fc:3d:b7:1a)
Opcode: 0x04
Handle: 0x1d00
Length: 41
Raw Value: 3800fe00190009bd67fd0042790051000000420001130002000000002500fe

=== Packet #1598 ===
Time: 2025-04-15 03:14:33.553312
SRC/DEST: PMD_BT4J_cc8da2744446 (cc:8d:a2:74:44:46) -> Lenovo Tab M8 (4th Gen) 2024 (e0:1f:fc:3d:b7:1a)
Opcode: 0x04
Handle: 0x1d00
Length: 38
Raw Value: 3800fe001600099a67fd004279005100000042001000000100ad7ffe

=== Packet #1603 ===
Time: 2025-04-15 03:14:33.613727
SRC/DEST: PMD_BT4J_cc8da2744446 (cc:8d:a2:74:44:46) -> Lenovo Tab M8 (4th Gen) 2024 (e0:1f:fc:3d:b7:1a)
Opcode: 0x04
Handle: 0x1d00
Length: 51
Raw Value: 3800fe00230009cf67fd004279005100000042000040000700000000000000000000000000001fc4fe

=== Packet #1608 ===
Time: 2025-04-15 03:14:33.673294
SRC/DEST: PMD_BT4J_cc8da2744446 (cc:8d:a2:74:44:46) -> Lenovo Tab M8 (4th Gen) 2024 (e0:1f:fc:3d:b7:1a)
Opcode: 0x04
Handle: 0x1d00
Length: 39
Raw Value: 3800fe001700093967fd00427900510000004200004f000100003b85fe

=== Packet #1613 ===
Time: 2025-04-15 03:14:36.448904
SRC/DEST: PMD_BT4J_cc8da2744446 (cc:8d:a2:74:44:46) -> Lenovo Tab M8 (4th Gen) 2024 (e0:1f:fc:3d:b7:1a)
Opcode: 0x04
Handle: 0x1d00
Length: 165
Raw Value: 3800fe00950009a067fd00427c00510000ffff00020000010000000000000000000000000000000000000000000000000000000000000057005a657461343030352030302e30302e30303232206230312e30320000000000434a30383032333830303033000000000000000000000000000000000000000b004f6d656761323030302032342e32372e303032320000000000000000000000c28afe

=== Packet #1618 ===
Time: 2025-04-15 03:14:36.523297
SRC/DEST: PMD_BT4J_cc8da2744446 (cc:8d:a2:74:44:46) -> Lenovo Tab M8 (4th Gen) 2024 (e0:1f:fc:3d:b7:1a)
Opcode: 0x04
Handle: 0x1d00
Length: 41
Raw Value: 3800fe001900091167fd00427c00510000000b000127000200020001a91ffe

=== Packet #1623 ===
Time: 2025-04-15 03:14:36.598350
SRC/DEST: PMD_BT4J_cc8da2744446 (cc:8d:a2:74:44:46) -> Lenovo Tab M8 (4th Gen) 2024 (e0:1f:fc:3d:b7:1a)
Opcode: 0x04
Handle: 0x1d00
Length: 41
Raw Value: 3800fe001900098d67fd00427c00510000004d001100000200000000b05afe

=== Packet #1628 ===
Time: 2025-04-15 03:14:36.657988
SRC/DEST: PMD_BT4J_cc8da2744446 (cc:8d:a2:74:44:46) -> Lenovo Tab M8 (4th Gen) 2024 (e0:1f:fc:3d:b7:1a)
Opcode: 0x04
Handle: 0x1d00
Length: 74
Raw Value: 3800fe003a00098367fd00427c005100008003001007001d0000000000000000000000000000000000000000000000000000000000000000000000000004abfe

=== Packet #1633 ===
Time: 2025-04-15 03:14:36.718063
SRC/DEST: PMD_BT4J_cc8da2744446 (cc:8d:a2:74:44:46) -> Lenovo Tab M8 (4th Gen) 2024 (e0:1f:fc:3d:b7:1a)
Opcode: 0x04
Handle: 0x1d00
Length: 42
Raw Value: 3800fe001a00096067fd00427c00510000800300000900030000000000137bfe

=== Packet #1638 ===
Time: 2025-04-15 03:14:36.777967
SRC/DEST: PMD_BT4J_cc8da2744446 (cc:8d:a2:74:44:46) -> Lenovo Tab M8 (4th Gen) 2024 (e0:1f:fc:3d:b7:1a)
Opcode: 0x04
Handle: 0x1d00
Length: 38
Raw Value: 3800fe00160009f367fd00427c0051000080030001060001013b19fe

=== Packet #1643 ===
Time: 2025-04-15 03:14:36.854661
SRC/DEST: PMD_BT4J_cc8da2744446 (cc:8d:a2:74:44:46) -> Lenovo Tab M8 (4th Gen) 2024 (e0:1f:fc:3d:b7:1a)
Opcode: 0x04
Handle: 0x1d00
Length: 147
Raw Value: 3800fe008300090867fd00427c005100008003000201000100000000000000000000000000000000000000000000000000000000000000000000000000000000000000000000000000000000000000000000000000000000000000000000000000000000000000000000000000000000000000000000000000000000000000000000000000006165fe

=== Packet #1648 ===
Time: 2025-04-15 03:14:36.943711
SRC/DEST: PMD_BT4J_cc8da2744446 (cc:8d:a2:74:44:46) -> Lenovo Tab M8 (4th Gen) 2024 (e0:1f:fc:3d:b7:1a)
Opcode: 0x04
Handle: 0x1d00
Length: 197
Raw Value: 3800fe00b500095567fd00427c00510000004d0010010001000000000000000000000000000000000000000000000000000000000000000000000000000000000000000000000000000000000000000000000000000000000000000000000000000000000000000000000000000000000000000000000000000000000000000000000000000000000000000000000000000000000000000000000000000000000000000000000000000000000000000000000000000000003484fe

=== Packet #1653 ===
Time: 2025-04-15 03:14:37.018662
SRC/DEST: PMD_BT4J_cc8da2744446 (cc:8d:a2:74:44:46) -> Lenovo Tab M8 (4th Gen) 2024 (e0:1f:fc:3d:b7:1a)
Opcode: 0x04
Handle: 0x1d00
Length: 108
Raw Value: 3800fe005c00091667fd00427c00510000ffff00001d0002504d445f4254344a5f63633864613237343434343600000000000000000000000000000000000000000000000000000000000035323937000000000000000000000000000000000bb0fe

=== Packet #1658 ===
Time: 2025-04-15 03:14:37.093428
SRC/DEST: PMD_BT4J_cc8da2744446 (cc:8d:a2:74:44:46) -> Lenovo Tab M8 (4th Gen) 2024 (e0:1f:fc:3d:b7:1a)
Opcode: 0x04
Handle: 0x1d00
Length: 42
Raw Value: 3800fe001a00095467fd00427d00510000ffff000002000167fd00428e725afe

=== Packet #1663 ===
Time: 2025-04-15 03:14:37.168314
SRC/DEST: PMD_BT4J_cc8da2744446 (cc:8d:a2:74:44:46) -> Lenovo Tab M8 (4th Gen) 2024 (e0:1f:fc:3d:b7:1a)
Opcode: 0x04
Handle: 0x1d00
Length: 47
Raw Value: 3800fe001f00099e67fd00427d00510000ffff00001700050001000000010000000086b9fe

=== Packet #1668 ===
Time: 2025-04-15 03:14:37.227852
SRC/DEST: PMD_BT4J_cc8da2744446 (cc:8d:a2:74:44:46) -> Lenovo Tab M8 (4th Gen) 2024 (e0:1f:fc:3d:b7:1a)
Opcode: 0x04
Handle: 0x1d00
Length: 42
Raw Value: 3800fe001a00091867fd00427d00510000ffff00003200030100000000a6cbfe

=== Packet #1673 ===
Time: 2025-04-15 03:14:37.287987
SRC/DEST: PMD_BT4J_cc8da2744446 (cc:8d:a2:74:44:46) -> Lenovo Tab M8 (4th Gen) 2024 (e0:1f:fc:3d:b7:1a)
Opcode: 0x04
Handle: 0x1d00
Length: 51
Raw Value: 3800fe002300092367fd00427d00510000000b001000000e000000000000000000000000000075bbfe

=== Packet #1678 ===
Time: 2025-04-15 03:14:37.348343
SRC/DEST: PMD_BT4J_cc8da2744446 (cc:8d:a2:74:44:46) -> Lenovo Tab M8 (4th Gen) 2024 (e0:1f:fc:3d:b7:1a)
Opcode: 0x04
Handle: 0x1d00
Length: 40
Raw Value: 3800fe00180009ea67fd00427d00510000000b00100f000200dc02e191fe

=== Packet #1683 ===
Time: 2025-04-15 03:14:37.438153
SRC/DEST: PMD_BT4J_cc8da2744446 (cc:8d:a2:74:44:46) -> Lenovo Tab M8 (4th Gen) 2024 (e0:1f:fc:3d:b7:1a)
Opcode: 0x04
Handle: 0x1d00
Length: 92
Raw Value: 3800fe004c00092267fd00427d00510000000b001100001b00000004000888000100c20000053600000064000000000064ffffffff00000000000000000118057e0000000000000000000000000002d051fe

=== Packet #1688 ===
Time: 2025-04-15 03:14:37.513171
SRC/DEST: PMD_BT4J_cc8da2744446 (cc:8d:a2:74:44:46) -> Lenovo Tab M8 (4th Gen) 2024 (e0:1f:fc:3d:b7:1a)
Opcode: 0x04
Handle: 0x1d00
Length: 57
Raw Value: 3800fe00290009dc67fd00427d00510000000b000008000a000503e80001001e058c054604880003000300032d77fe

=== Packet #1693 ===
Time: 2025-04-15 03:14:37.573048
SRC/DEST: PMD_BT4J_cc8da2744446 (cc:8d:a2:74:44:46) -> Lenovo Tab M8 (4th Gen) 2024 (e0:1f:fc:3d:b7:1a)
Opcode: 0x04
Handle: 0x1d00
Length: 53
Raw Value: 3800fe002500097267fd00427d00510000000b00010a0008004b0019004b0019004b0019004b00196574fe

=== Packet #1698 ===
Time: 2025-04-15 03:14:37.648786
SRC/DEST: PMD_BT4J_cc8da2744446 (cc:8d:a2:74:44:46) -> Lenovo Tab M8 (4th Gen) 2024 (e0:1f:fc:3d:b7:1a)
Opcode: 0x04
Handle: 0x1d00
Length: 121
Raw Value: 3800fe006900092d67fd00427d00510000000b00010200080101010146726573683100000000000000000000000000004672657368320000000000000000000000000000467265736833000000000000000000000000000057617374650000000000000000000000000000006741fe

=== Packet #1703 ===
Time: 2025-04-15 03:14:37.725325
SRC/DEST: PMD_BT4J_cc8da2744446 (cc:8d:a2:74:44:46) -> Lenovo Tab M8 (4th Gen) 2024 (e0:1f:fc:3d:b7:1a)
Opcode: 0x04
Handle: 0x1d00
Length: 197
Raw Value: 3800fe00b50009d567fd00427d00510000000b00100e00010000000000000000000000000000000000000000000000000000000000000000000000000000000000000000000000000000000000000000000000000000000000000000000000000000000000000000000000000000000000000000000000000000000000000000000000000000000000000000000000000000000000000000000000000000000000000000000000000000000000000000000000000000000014e1fe

=== Packet #1708 ===
Time: 2025-04-15 03:14:37.813998
SRC/DEST: PMD_BT4J_cc8da2744446 (cc:8d:a2:74:44:46) -> Lenovo Tab M8 (4th Gen) 2024 (e0:1f:fc:3d:b7:1a)
Opcode: 0x04
Handle: 0x1d00
Length: 197
Raw Value: 3800fe00b500095f67fd00427d00510000000f001009000100000000000000000000000000000000000000000000000000000000000000000000000000000000000000000000000000000000000000000000000000000000000000000000000000000000000000000000000000000000000000000000000000000000000000000000000000000000000000000000000000000000000000000000000000000000000000000000000000000000000000000000000000000000c127fe

=== Packet #1713 ===
Time: 2025-04-15 03:14:37.889162
SRC/DEST: PMD_BT4J_cc8da2744446 (cc:8d:a2:74:44:46) -> Lenovo Tab M8 (4th Gen) 2024 (e0:1f:fc:3d:b7:1a)
Opcode: 0x04
Handle: 0x1d00
Length: 197
Raw Value: 3800fe00b500096a67fd00427d00510000004a001002000100000000000000000000000000000000000000000000000000000000000000000000000000000000000000000000000000000000000000000000000000000000000000000000000000000000000000000000000000000000000000000000000000000000000000000000000000000000000000000000000000000000000000000000000000000000000000000000000000000000000000000000000000000000ade7fe

=== Packet #1718 ===
Time: 2025-04-15 03:14:37.979111
SRC/DEST: PMD_BT4J_cc8da2744446 (cc:8d:a2:74:44:46) -> Lenovo Tab M8 (4th Gen) 2024 (e0:1f:fc:3d:b7:1a)
Opcode: 0x04
Handle: 0x1d00
Length: 197
Raw Value: 3800fe00b500090967fd00427d005100000042001001000100000000000000000000000000000000000000000000000000000000000000000000000000000000000000000000000000000000000000000000000000000000000000000000000000000000000000000000000000000000000000000000000000000000000000000000000000000000000000000000000000000000000000000000000000000000000000000000000000000000000000000000000000000000efbafe

=== Packet #1729 ===
Time: 2025-04-15 03:14:38.143180
SRC/DEST: PMD_BT4J_cc8da2744446 (cc:8d:a2:74:44:46) -> Lenovo Tab M8 (4th Gen) 2024 (e0:1f:fc:3d:b7:1a)
Opcode: 0x04
Handle: 0x1d00
Length: 39
Raw Value: 3800fe00170009cb67fd00427e00510000004a001000000200000931fe

=== Packet #1734 ===
Time: 2025-04-15 03:14:38.202813
SRC/DEST: PMD_BT4J_cc8da2744446 (cc:8d:a2:74:44:46) -> Lenovo Tab M8 (4th Gen) 2024 (e0:1f:fc:3d:b7:1a)
Opcode: 0x04
Handle: 0x1d00
Length: 38
Raw Value: 3800fe00160009c867fd00427e00510000004a001003000100b2cdfe

=== Packet #1739 ===
Time: 2025-04-15 03:14:38.278366
SRC/DEST: PMD_BT4J_cc8da2744446 (cc:8d:a2:74:44:46) -> Lenovo Tab M8 (4th Gen) 2024 (e0:1f:fc:3d:b7:1a)
Opcode: 0x04
Handle: 0x1d00
Length: 45
Raw Value: 3800fe001d00091867fd00427e00510000004a00110000040000000000000000d76dfe

=== Packet #1744 ===
Time: 2025-04-15 03:14:38.337860
SRC/DEST: PMD_BT4J_cc8da2744446 (cc:8d:a2:74:44:46) -> Lenovo Tab M8 (4th Gen) 2024 (e0:1f:fc:3d:b7:1a)
Opcode: 0x04
Handle: 0x1d00
Length: 41
Raw Value: 3800fe001900095867fd00427e00510000004a0000000002000000005ff6fe

=== Packet #1749 ===
Time: 2025-04-15 03:14:38.413560
SRC/DEST: PMD_BT4J_cc8da2744446 (cc:8d:a2:74:44:46) -> Lenovo Tab M8 (4th Gen) 2024 (e0:1f:fc:3d:b7:1a)
Opcode: 0x04
Handle: 0x1d00
Length: 54
Raw Value: 3800fe00260009fd0167fd00427e00510000000f001000000900000000000000000000000000000000f4ddfe

=== Packet #1754 ===
Time: 2025-04-15 03:14:38.488688
SRC/DEST: PMD_BT4J_cc8da2744446 (cc:8d:a2:74:44:46) -> Lenovo Tab M8 (4th Gen) 2024 (e0:1f:fc:3d:b7:1a)
Opcode: 0x04
Handle: 0x1d00
Length: 47
Raw Value: 3800fe001f0009d867fd00427e00510000000f00100a0005000000000000000000008fcbfe

=== Packet #1759 ===
Time: 2025-04-15 03:14:38.547912
SRC/DEST: PMD_BT4J_cc8da2744446 (cc:8d:a2:74:44:46) -> Lenovo Tab M8 (4th Gen) 2024 (e0:1f:fc:3d:b7:1a)
Opcode: 0x04
Handle: 0x1d00
Length: 47
Raw Value: 3800fe001f00093967fd00427e00510000000f000000000500000000000000000000aa13fe

=== Packet #1764 ===
Time: 2025-04-15 03:14:38.608187
SRC/DEST: PMD_BT4J_cc8da2744446 (cc:8d:a2:74:44:46) -> Lenovo Tab M8 (4th Gen) 2024 (e0:1f:fc:3d:b7:1a)
Opcode: 0x04
Handle: 0x1d00
Length: 39
Raw Value: 3800fe001700092a67fd00427e00510000000f00004700010000edabfe

=== Packet #1769 ===
Time: 2025-04-15 03:14:38.668535
SRC/DEST: PMD_BT4J_cc8da2744446 (cc:8d:a2:74:44:46) -> Lenovo Tab M8 (4th Gen) 2024 (e0:1f:fc:3d:b7:1a)
Opcode: 0x04
Handle: 0x1d00
Length: 41
Raw Value: 3800fe00190009ef67fd00427e00510000000f0001000002001e00000365fe

=== Packet #1774 ===
Time: 2025-04-15 03:14:38.728510
SRC/DEST: PMD_BT4J_cc8da2744446 (cc:8d:a2:74:44:46) -> Lenovo Tab M8 (4th Gen) 2024 (e0:1f:fc:3d:b7:1a)
Opcode: 0x04
Handle: 0x1d00
Length: 58
Raw Value: 3800fe002a00098f67fd00427e005100000051001100000b0000000000000000000000000000000000000000008bc5fe

=== Packet #1779 ===
Time: 2025-04-15 03:14:38.788440
SRC/DEST: PMD_BT4J_cc8da2744446 (cc:8d:a2:74:44:46) -> Lenovo Tab M8 (4th Gen) 2024 (e0:1f:fc:3d:b7:1a)
Opcode: 0x04
Handle: 0x1d00
Length: 42
Raw Value: 3800fe001a0009fd0067fd00427e005100000051001114000200000000efabfe

=== Packet #1784 ===
Time: 2025-04-15 03:14:38.879913
SRC/DEST: PMD_BT4J_cc8da2744446 (cc:8d:a2:74:44:46) -> Lenovo Tab M8 (4th Gen) 2024 (e0:1f:fc:3d:b7:1a)
Opcode: 0x04
Handle: 0x1d00
Length: 57
Raw Value: 3800fe002900097667fd00427e00510000005100112e000100000000000000000000000000000000000000002a92fe

=== Packet #1789 ===
Time: 2025-04-15 03:14:38.953388
SRC/DEST: PMD_BT4J_cc8da2744446 (cc:8d:a2:74:44:46) -> Lenovo Tab M8 (4th Gen) 2024 (e0:1f:fc:3d:b7:1a)
Opcode: 0x04
Handle: 0x1d00
Length: 39
Raw Value: 3800fe001700093b67fd00427e005100000051000007000100003dedfe

=== Packet #1794 ===
Time: 2025-04-15 03:14:39.012935
SRC/DEST: PMD_BT4J_cc8da2744446 (cc:8d:a2:74:44:46) -> Lenovo Tab M8 (4th Gen) 2024 (e0:1f:fc:3d:b7:1a)
Opcode: 0x04
Handle: 0x1d00
Length: 53
Raw Value: 3800fe002500093a67fd00427e0051000000420001040008000000000000000000000000000000009da2fe

=== Packet #1799 ===
Time: 2025-04-15 03:14:39.178310
SRC/DEST: PMD_BT4J_cc8da2744446 (cc:8d:a2:74:44:46) -> Lenovo Tab M8 (4th Gen) 2024 (e0:1f:fc:3d:b7:1a)
Opcode: 0x04
Handle: 0x1d00
Length: 41
Raw Value: 3800fe001900096467fd00427f005100000042000113000200000000a9b8fe

=== Packet #1804 ===
Time: 2025-04-15 03:14:39.238266
SRC/DEST: PMD_BT4J_cc8da2744446 (cc:8d:a2:74:44:46) -> Lenovo Tab M8 (4th Gen) 2024 (e0:1f:fc:3d:b7:1a)
Opcode: 0x04
Handle: 0x1d00
Length: 38
Raw Value: 3800fe001600091767fd00427f00510000004200100000010051c2fe

=== Packet #1809 ===
Time: 2025-04-15 03:14:39.298110
SRC/DEST: PMD_BT4J_cc8da2744446 (cc:8d:a2:74:44:46) -> Lenovo Tab M8 (4th Gen) 2024 (e0:1f:fc:3d:b7:1a)
Opcode: 0x04
Handle: 0x1d00
Length: 51
Raw Value: 3800fe002300099a67fd00427f005100000042000040000700000000000000000000000000006314fe

=== Packet #1814 ===
Time: 2025-04-15 03:14:39.357952
SRC/DEST: PMD_BT4J_cc8da2744446 (cc:8d:a2:74:44:46) -> Lenovo Tab M8 (4th Gen) 2024 (e0:1f:fc:3d:b7:1a)
Opcode: 0x04
Handle: 0x1d00
Length: 39
Raw Value: 3800fe00170009d867fd00427f00510000004200004f000100005b89fe

=== Packet #1819 ===
Time: 2025-04-15 03:14:39.449048
SRC/DEST: PMD_BT4J_cc8da2744446 (cc:8d:a2:74:44:46) -> Lenovo Tab M8 (4th Gen) 2024 (e0:1f:fc:3d:b7:1a)
Opcode: 0x04
Handle: 0x1d00
Length: 166
Raw Value: 3800fe00960009fd0167fd00427f00510000ffff00020000010000000000000000000000000000000000000000000000000000000000000057005a657461343030352030302e30302e30303232206230312e30320000000000434a30383032333830303033000000000000000000000000000000000000000b004f6d656761323030302032342e32372e30303232000000000000000000000078e6fe

=== Packet #1824 ===
Time: 2025-04-15 03:14:39.523430
SRC/DEST: PMD_BT4J_cc8da2744446 (cc:8d:a2:74:44:46) -> Lenovo Tab M8 (4th Gen) 2024 (e0:1f:fc:3d:b7:1a)
Opcode: 0x04
Handle: 0x1d00
Length: 41
Raw Value: 3800fe001900092667fd00427f00510000000b00012700020002000119adfe

=== Packet #1829 ===
Time: 2025-04-15 03:14:39.582867
SRC/DEST: PMD_BT4J_cc8da2744446 (cc:8d:a2:74:44:46) -> Lenovo Tab M8 (4th Gen) 2024 (e0:1f:fc:3d:b7:1a)
Opcode: 0x04
Handle: 0x1d00
Length: 41
Raw Value: 3800fe001900090b67fd00427f00510000004d0011000002000000006713fe

=== Packet #1834 ===
Time: 2025-04-15 03:14:39.643446
SRC/DEST: PMD_BT4J_cc8da2744446 (cc:8d:a2:74:44:46) -> Lenovo Tab M8 (4th Gen) 2024 (e0:1f:fc:3d:b7:1a)
Opcode: 0x04
Handle: 0x1d00
Length: 74
Raw Value: 3800fe003a0009be67fd00427f005100008003001007001d00000000000000000000000000000000000000000000000000000000000000000000000000e9a9fe

=== Packet #1839 ===
Time: 2025-04-15 03:14:39.703061
SRC/DEST: PMD_BT4J_cc8da2744446 (cc:8d:a2:74:44:46) -> Lenovo Tab M8 (4th Gen) 2024 (e0:1f:fc:3d:b7:1a)
Opcode: 0x04
Handle: 0x1d00
Length: 42
Raw Value: 3800fe001a00094467fd00427f00510000800300000900030000000000816dfe

=== Packet #1844 ===
Time: 2025-04-15 03:14:39.763031
SRC/DEST: PMD_BT4J_cc8da2744446 (cc:8d:a2:74:44:46) -> Lenovo Tab M8 (4th Gen) 2024 (e0:1f:fc:3d:b7:1a)
Opcode: 0x04
Handle: 0x1d00
Length: 38
Raw Value: 3800fe00160009e967fd00427f00510000800300010600010115bdfe

=== Packet #1849 ===
Time: 2025-04-15 03:14:39.839273
SRC/DEST: PMD_BT4J_cc8da2744446 (cc:8d:a2:74:44:46) -> Lenovo Tab M8 (4th Gen) 2024 (e0:1f:fc:3d:b7:1a)
Opcode: 0x04
Handle: 0x1d00
Length: 147
Raw Value: 3800fe008300099067fd00427f00510000800300020100010000000000000000000000000000000000000000000000000000000000000000000000000000000000000000000000000000000000000000000000000000000000000000000000000000000000000000000000000000000000000000000000000000000000000000000000000000151afe

=== Packet #1854 ===
Time: 2025-04-15 03:14:39.958879
SRC/DEST: PMD_BT4J_cc8da2744446 (cc:8d:a2:74:44:46) -> Lenovo Tab M8 (4th Gen) 2024 (e0:1f:fc:3d:b7:1a)
Opcode: 0x04
Handle: 0x1d00
Length: 197
Raw Value: 3800fe00b50009fb67fd00427f00510000004d0010010001000000000000000000000000000000000000000000000000000000000000000000000000000000000000000000000000000000000000000000000000000000000000000000000000000000000000000000000000000000000000000000000000000000000000000000000000000000000000000000000000000000000000000000000000000000000000000000000000000000000000000000000000000000006f4bfe

=== Packet #1859 ===
Time: 2025-04-15 03:14:40.048295
SRC/DEST: PMD_BT4J_cc8da2744446 (cc:8d:a2:74:44:46) -> Lenovo Tab M8 (4th Gen) 2024 (e0:1f:fc:3d:b7:1a)
Opcode: 0x04
Handle: 0x1d00
Length: 108
Raw Value: 3800fe005c00096b67fd00427f00510000ffff00001d0002504d445f4254344a5f63633864613237343434343600000000000000000000000000000000000000000000000000000000000035323937000000000000000000000000000000000e7afe

=== Packet #1864 ===
Time: 2025-04-15 03:14:40.123009
SRC/DEST: PMD_BT4J_cc8da2744446 (cc:8d:a2:74:44:46) -> Lenovo Tab M8 (4th Gen) 2024 (e0:1f:fc:3d:b7:1a)
Opcode: 0x04
Handle: 0x1d00
Length: 42
Raw Value: 3800fe001a0009c567fd00428000510000ffff000002000167fd00429153dffe

=== Packet #1869 ===
Time: 2025-04-15 03:14:40.182886
SRC/DEST: PMD_BT4J_cc8da2744446 (cc:8d:a2:74:44:46) -> Lenovo Tab M8 (4th Gen) 2024 (e0:1f:fc:3d:b7:1a)
Opcode: 0x04
Handle: 0x1d00
Length: 47
Raw Value: 3800fe001f00097a67fd00428000510000ffff00001700050001000000010000000054a9fe

=== Packet #1874 ===
Time: 2025-04-15 03:14:40.264796
SRC/DEST: PMD_BT4J_cc8da2744446 (cc:8d:a2:74:44:46) -> Lenovo Tab M8 (4th Gen) 2024 (e0:1f:fc:3d:b7:1a)
Opcode: 0x04
Handle: 0x1d00
Length: 42
Raw Value: 3800fe001a00096b67fd00428000510000ffff000032000301000000003e6ffe

=== Packet #1879 ===
Time: 2025-04-15 03:14:40.350326
SRC/DEST: PMD_BT4J_cc8da2744446 (cc:8d:a2:74:44:46) -> Lenovo Tab M8 (4th Gen) 2024 (e0:1f:fc:3d:b7:1a)
Opcode: 0x04
Handle: 0x1d00
Length: 51
Raw Value: 3800fe00230009f067fd00428000510000000b001000000e00000000000000000000000000006df6fe

=== Packet #1884 ===
Time: 2025-04-15 03:14:40.407965
SRC/DEST: PMD_BT4J_cc8da2744446 (cc:8d:a2:74:44:46) -> Lenovo Tab M8 (4th Gen) 2024 (e0:1f:fc:3d:b7:1a)
Opcode: 0x04
Handle: 0x1d00
Length: 40
Raw Value: 3800fe001800093267fd00428000510000000b00100f000200dc02c663fe

=== Packet #1889 ===
Time: 2025-04-15 03:14:40.483666
SRC/DEST: PMD_BT4J_cc8da2744446 (cc:8d:a2:74:44:46) -> Lenovo Tab M8 (4th Gen) 2024 (e0:1f:fc:3d:b7:1a)
Opcode: 0x04
Handle: 0x1d00
Length: 93
Raw Value: 3800fe004d00091f67fd00428000510000000b001100001b00000004000888000100c20000053600000064000000000064ffffffff00000000000000000118057e0000000000000000000000000002fd008cfe

=== Packet #1894 ===
Time: 2025-04-15 03:14:40.558712
SRC/DEST: PMD_BT4J_cc8da2744446 (cc:8d:a2:74:44:46) -> Lenovo Tab M8 (4th Gen) 2024 (e0:1f:fc:3d:b7:1a)
Opcode: 0x04
Handle: 0x1d00
Length: 57
Raw Value: 3800fe002900096c67fd00428000510000000b000008000a000503e80001001e058c054604880003000300034d0ffe

=== Packet #1899 ===
Time: 2025-04-15 03:14:40.663381
SRC/DEST: PMD_BT4J_cc8da2744446 (cc:8d:a2:74:44:46) -> Lenovo Tab M8 (4th Gen) 2024 (e0:1f:fc:3d:b7:1a)
Opcode: 0x04
Handle: 0x1d00
Length: 53
Raw Value: 3800fe002500094067fd00428000510000000b00010a0008004b0019004b0019004b0019004b0019d12dfe

=== Packet #1904 ===
Time: 2025-04-15 03:14:40.768687
SRC/DEST: PMD_BT4J_cc8da2744446 (cc:8d:a2:74:44:46) -> Lenovo Tab M8 (4th Gen) 2024 (e0:1f:fc:3d:b7:1a)
Opcode: 0x04
Handle: 0x1d00
Length: 121
Raw Value: 3800fe006900091767fd00428000510000000b00010200080101010146726573683100000000000000000000000000004672657368320000000000000000000000000000467265736833000000000000000000000000000057617374650000000000000000000000000000005754fe

=== Packet #1909 ===
Time: 2025-04-15 03:14:40.858945
SRC/DEST: PMD_BT4J_cc8da2744446 (cc:8d:a2:74:44:46) -> Lenovo Tab M8 (4th Gen) 2024 (e0:1f:fc:3d:b7:1a)
Opcode: 0x04
Handle: 0x1d00
Length: 197
Raw Value: 3800fe00b500091967fd00428000510000000b00100e000100000000000000000000000000000000000000000000000000000000000000000000000000000000000000000000000000000000000000000000000000000000000000000000000000000000000000000000000000000000000000000000000000000000000000000000000000000000000000000000000000000000000000000000000000000000000000000000000000000000000000000000000000000000cc64fe

=== Packet #1914 ===
Time: 2025-04-15 03:14:40.949183
SRC/DEST: PMD_BT4J_cc8da2744446 (cc:8d:a2:74:44:46) -> Lenovo Tab M8 (4th Gen) 2024 (e0:1f:fc:3d:b7:1a)
Opcode: 0x04
Handle: 0x1d00
Length: 197
Raw Value: 3800fe00b500097e67fd00428000510000000f001009000100000000000000000000000000000000000000000000000000000000000000000000000000000000000000000000000000000000000000000000000000000000000000000000000000000000000000000000000000000000000000000000000000000000000000000000000000000000000000000000000000000000000000000000000000000000000000000000000000000000000000000000000000000000609cfe

=== Packet #1919 ===
Time: 2025-04-15 03:14:41.038934
SRC/DEST: PMD_BT4J_cc8da2744446 (cc:8d:a2:74:44:46) -> Lenovo Tab M8 (4th Gen) 2024 (e0:1f:fc:3d:b7:1a)
Opcode: 0x04
Handle: 0x1d00
Length: 197
Raw Value: 3800fe00b500091167fd00428000510000004a001002000100000000000000000000000000000000000000000000000000000000000000000000000000000000000000000000000000000000000000000000000000000000000000000000000000000000000000000000000000000000000000000000000000000000000000000000000000000000000000000000000000000000000000000000000000000000000000000000000000000000000000000000000000000000e1c6fe

=== Packet #1924 ===
Time: 2025-04-15 03:14:41.114211
SRC/DEST: PMD_BT4J_cc8da2744446 (cc:8d:a2:74:44:46) -> Lenovo Tab M8 (4th Gen) 2024 (e0:1f:fc:3d:b7:1a)
Opcode: 0x04
Handle: 0x1d00
Length: 197
Raw Value: 3800fe00b500099267fd0042810051000000420010010001000000000000000000000000000000000000000000000000000000000000000000000000000000000000000000000000000000000000000000000000000000000000000000000000000000000000000000000000000000000000000000000000000000000000000000000000000000000000000000000000000000000000000000000000000000000000000000000000000000000000000000000000000000005dcafe

=== Packet #1935 ===
Time: 2025-04-15 03:14:41.263427
SRC/DEST: PMD_BT4J_cc8da2744446 (cc:8d:a2:74:44:46) -> Lenovo Tab M8 (4th Gen) 2024 (e0:1f:fc:3d:b7:1a)
Opcode: 0x04
Handle: 0x1d00
Length: 39
Raw Value: 3800fe00170009de67fd00428100510000004a00100000020000e2c6fe

=== Packet #1940 ===
Time: 2025-04-15 03:14:41.323099
SRC/DEST: PMD_BT4J_cc8da2744446 (cc:8d:a2:74:44:46) -> Lenovo Tab M8 (4th Gen) 2024 (e0:1f:fc:3d:b7:1a)
Opcode: 0x04
Handle: 0x1d00
Length: 38
Raw Value: 3800fe001600091867fd00428100510000004a001003000100bbcafe

=== Packet #1945 ===
Time: 2025-04-15 03:14:41.428749
SRC/DEST: PMD_BT4J_cc8da2744446 (cc:8d:a2:74:44:46) -> Lenovo Tab M8 (4th Gen) 2024 (e0:1f:fc:3d:b7:1a)
Opcode: 0x04
Handle: 0x1d00
Length: 45
Raw Value: 3800fe001d00091667fd00428100510000004a00110000040000000000000000fb23fe

=== Packet #1950 ===
Time: 2025-04-15 03:14:41.534277
SRC/DEST: PMD_BT4J_cc8da2744446 (cc:8d:a2:74:44:46) -> Lenovo Tab M8 (4th Gen) 2024 (e0:1f:fc:3d:b7:1a)
Opcode: 0x04
Handle: 0x1d00
Length: 41
Raw Value: 3800fe00190009e867fd00428100510000004a000000000200000000046cfe

=== Packet #1955 ===
Time: 2025-04-15 03:14:41.609068
SRC/DEST: PMD_BT4J_cc8da2744446 (cc:8d:a2:74:44:46) -> Lenovo Tab M8 (4th Gen) 2024 (e0:1f:fc:3d:b7:1a)
Opcode: 0x04
Handle: 0x1d00
Length: 53
Raw Value: 3800fe00250009e067fd00428100510000000f0010000009000000000000000000000000000000005054fe

=== Packet #1960 ===
Time: 2025-04-15 03:14:41.667929
SRC/DEST: PMD_BT4J_cc8da2744446 (cc:8d:a2:74:44:46) -> Lenovo Tab M8 (4th Gen) 2024 (e0:1f:fc:3d:b7:1a)
Opcode: 0x04
Handle: 0x1d00
Length: 47
Raw Value: 3800fe001f00092667fd00428100510000000f00100a000500000000000000000000533dfe

=== Packet #1965 ===
Time: 2025-04-15 03:14:41.743355
SRC/DEST: PMD_BT4J_cc8da2744446 (cc:8d:a2:74:44:46) -> Lenovo Tab M8 (4th Gen) 2024 (e0:1f:fc:3d:b7:1a)
Opcode: 0x04
Handle: 0x1d00
Length: 47
Raw Value: 3800fe001f00091567fd00428100510000000f000000000500000000000000000000eee7fe

=== Packet #1970 ===
Time: 2025-04-15 03:14:41.802996
SRC/DEST: PMD_BT4J_cc8da2744446 (cc:8d:a2:74:44:46) -> Lenovo Tab M8 (4th Gen) 2024 (e0:1f:fc:3d:b7:1a)
Opcode: 0x04
Handle: 0x1d00
Length: 40
Raw Value: 3800fe00180009fd0067fd00428100510000000f000047000100009bd8fe

=== Packet #1975 ===
Time: 2025-04-15 03:14:41.878418
SRC/DEST: PMD_BT4J_cc8da2744446 (cc:8d:a2:74:44:46) -> Lenovo Tab M8 (4th Gen) 2024 (e0:1f:fc:3d:b7:1a)
Opcode: 0x04
Handle: 0x1d00
Length: 41
Raw Value: 3800fe001900092367fd00428100510000000f0001000002001e00000309fe

=== Packet #1980 ===
Time: 2025-04-15 03:14:41.953510
SRC/DEST: PMD_BT4J_cc8da2744446 (cc:8d:a2:74:44:46) -> Lenovo Tab M8 (4th Gen) 2024 (e0:1f:fc:3d:b7:1a)
Opcode: 0x04
Handle: 0x1d00
Length: 58
Raw Value: 3800fe002a00091f67fd004281005100000051001100000b00000000000000000000000000000000000000000093eefe

=== Packet #1985 ===
Time: 2025-04-15 03:14:42.012787
SRC/DEST: PMD_BT4J_cc8da2744446 (cc:8d:a2:74:44:46) -> Lenovo Tab M8 (4th Gen) 2024 (e0:1f:fc:3d:b7:1a)
Opcode: 0x04
Handle: 0x1d00
Length: 41
Raw Value: 3800fe00190009ef67fd004281005100000051001114000200000000556afe

=== Packet #1990 ===
Time: 2025-04-15 03:14:42.073337
SRC/DEST: PMD_BT4J_cc8da2744446 (cc:8d:a2:74:44:46) -> Lenovo Tab M8 (4th Gen) 2024 (e0:1f:fc:3d:b7:1a)
Opcode: 0x04
Handle: 0x1d00
Length: 57
Raw Value: 3800fe002900098367fd00428200510000005100112e00010000000000000000000000000000000000000000801cfe

=== Packet #1995 ===
Time: 2025-04-15 03:14:42.132838
SRC/DEST: PMD_BT4J_cc8da2744446 (cc:8d:a2:74:44:46) -> Lenovo Tab M8 (4th Gen) 2024 (e0:1f:fc:3d:b7:1a)
Opcode: 0x04
Handle: 0x1d00
Length: 39
Raw Value: 3800fe001700098967fd00428200510000005100000700010000464efe

=== Packet #2000 ===
Time: 2025-04-15 03:14:42.192853
SRC/DEST: PMD_BT4J_cc8da2744446 (cc:8d:a2:74:44:46) -> Lenovo Tab M8 (4th Gen) 2024 (e0:1f:fc:3d:b7:1a)
Opcode: 0x04
Handle: 0x1d00
Length: 53
Raw Value: 3800fe00250009e967fd0042820051000000420001040008000000000000000000000000000000005417fe

=== Packet #2005 ===
Time: 2025-04-15 03:14:42.253319
SRC/DEST: PMD_BT4J_cc8da2744446 (cc:8d:a2:74:44:46) -> Lenovo Tab M8 (4th Gen) 2024 (e0:1f:fc:3d:b7:1a)
Opcode: 0x04
Handle: 0x1d00
Length: 41
Raw Value: 3800fe001900093a67fd0042820051000000420001130002000000008c1afe

=== Packet #2010 ===
Time: 2025-04-15 03:14:42.313239
SRC/DEST: PMD_BT4J_cc8da2744446 (cc:8d:a2:74:44:46) -> Lenovo Tab M8 (4th Gen) 2024 (e0:1f:fc:3d:b7:1a)
Opcode: 0x04
Handle: 0x1d00
Length: 38
Raw Value: 3800fe001600099c67fd00428200510000004200100000010014a4fe

=== Packet #2015 ===
Time: 2025-04-15 03:14:42.373654
SRC/DEST: PMD_BT4J_cc8da2744446 (cc:8d:a2:74:44:46) -> Lenovo Tab M8 (4th Gen) 2024 (e0:1f:fc:3d:b7:1a)
Opcode: 0x04
Handle: 0x1d00
Length: 51
Raw Value: 3800fe002300092e67fd0042820051000000420000400007000000000000000000000000000037a9fe

=== Packet #2020 ===
Time: 2025-04-15 03:14:42.434582
SRC/DEST: PMD_BT4J_cc8da2744446 (cc:8d:a2:74:44:46) -> Lenovo Tab M8 (4th Gen) 2024 (e0:1f:fc:3d:b7:1a)
Opcode: 0x04
Handle: 0x1d00
Length: 39
Raw Value: 3800fe001700093a67fd00428200510000004200004f0001000031fafe
